C:\Users\xxx\crm-portal\app\services\nvidia_service.py:4: FutureWarning: The pynvml package is deprecated. Please install nvidia-ml-py instead. If you did not install pynvml directly, please report this to the maintainers of the package that installed pynvml for you.
  import pynvml
INFO:monitoring_daemon:Starting Monitoring Daemon...
INFO:app.monitoring:Checking 2 active infrastructure devices...
INFO:app.monitoring:Checking 627 active customer devices...
INFO:netflow_service:Starting NetFlow Collector on 0.0.0.0:2055...
INFO:monitoring_daemon:Waiting 60 seconds for next poll...
INFO:netflow_service:Saved 4 flow metadata entries.
INFO:app.monitoring:Checking 2 active infrastructure devices...
INFO:app.monitoring:Checking 627 active customer devices...
INFO:monitoring_daemon:Waiting 60 seconds for next poll...
INFO:netflow_service:Saved 4 flow metadata entries.
INFO:app.monitoring:Checking 2 active infrastructure devices...
INFO:app.monitoring:Checking 627 active customer devices...
INFO:monitoring_daemon:Waiting 60 seconds for next poll...
INFO:netflow_service:Saved 4 flow metadata entries.
INFO:app.monitoring:Checking 2 active infrastructure devices...
INFO:app.monitoring:Checking 627 active customer devices...
INFO:monitoring_daemon:Waiting 60 seconds for next poll...
INFO:netflow_service:Saved 2 flow metadata entries.
INFO:app.monitoring:Checking 2 active infrastructure devices...
INFO:app.monitoring:Checking 627 active customer devices...
INFO:monitoring_daemon:Waiting 60 seconds for next poll...
INFO:netflow_service:Saved 5 flow metadata entries.
INFO:app.monitoring:Checking 2 active infrastructure devices...
INFO:app.monitoring:Checking 627 active customer devices...
INFO:monitoring_daemon:Waiting 60 seconds for next poll...
INFO:netflow_service:Saved 4 flow metadata entries.
INFO:app.monitoring:Checking 2 active infrastructure devices...
INFO:app.monitoring:Checking 627 active customer devices...
INFO:monitoring_daemon:Waiting 60 seconds for next poll...
INFO:netflow_service:Saved 4 flow metadata entries.
INFO:app.monitoring:Checking 2 active infrastructure devices...
INFO:app.monitoring:Checking 627 active customer devices...
INFO:monitoring_daemon:Waiting 60 seconds for next poll...
INFO:netflow_service:Saved 4 flow metadata entries.
INFO:app.monitoring:Checking 2 active infrastructure devices...
INFO:app.monitoring:Checking 627 active customer devices...
INFO:monitoring_daemon:Waiting 60 seconds for next poll...
INFO:netflow_service:Saved 6 flow metadata entries.
INFO:app.monitoring:Checking 2 active infrastructure devices...
INFO:app.monitoring:Checking 627 active customer devices...
INFO:monitoring_daemon:Waiting 60 seconds for next poll...
INFO:netflow_service:Saved 4 flow metadata entries.
INFO:app.monitoring:Checking 2 active infrastructure devices...
INFO:app.monitoring:Checking 627 active customer devices...
INFO:monitoring_daemon:Waiting 60 seconds for next poll...
INFO:netflow_service:Saved 4 flow metadata entries.
INFO:app.monitoring:Checking 2 active infrastructure devices...
INFO:app.monitoring:Checking 627 active customer devices...
INFO:monitoring_daemon:Waiting 60 seconds for next poll...
INFO:netflow_service:Saved 4 flow metadata entries.
INFO:app.monitoring:Checking 2 active infrastructure devices...
INFO:app.monitoring:Checking 627 active customer devices...
INFO:monitoring_daemon:Waiting 60 seconds for next poll...
INFO:netflow_service:Saved 4 flow metadata entries.
INFO:app.monitoring:Checking 2 active infrastructure devices...
INFO:app.monitoring:Checking 627 active customer devices...
INFO:monitoring_daemon:Waiting 60 seconds for next poll...
INFO:netflow_service:Saved 5 flow metadata entries.
INFO:app.monitoring:Checking 2 active infrastructure devices...
INFO:app.monitoring:Checking 627 active customer devices...
INFO:monitoring_daemon:Waiting 60 seconds for next poll...
INFO:netflow_service:Saved 4 flow metadata entries.
INFO:app.monitoring:Checking 2 active infrastructure devices...
INFO:app.monitoring:Checking 627 active customer devices...
INFO:monitoring_daemon:Waiting 60 seconds for next poll...
INFO:netflow_service:Saved 4 flow metadata entries.
INFO:app.monitoring:Checking 2 active infrastructure devices...
INFO:app.monitoring:Checking 627 active customer devices...
INFO:monitoring_daemon:Waiting 60 seconds for next poll...
INFO:netflow_service:Saved 4 flow metadata entries.
INFO:app.monitoring:Checking 2 active infrastructure devices...
INFO:app.monitoring:Checking 627 active customer devices...
INFO:monitoring_daemon:Waiting 60 seconds for next poll...
INFO:netflow_service:Saved 4 flow metadata entries.
INFO:app.monitoring:Checking 2 active infrastructure devices...
INFO:app.monitoring:Checking 627 active customer devices...
INFO:monitoring_daemon:Waiting 60 seconds for next poll...
INFO:netflow_service:Saved 5 flow metadata entries.
INFO:app.monitoring:Checking 2 active infrastructure devices...
INFO:app.monitoring:Checking 627 active customer devices...
INFO:monitoring_daemon:Waiting 60 seconds for next poll...
INFO:netflow_service:Saved 4 flow metadata entries.
INFO:app.monitoring:Checking 2 active infrastructure devices...
INFO:app.monitoring:Checking 627 active customer devices...
INFO:monitoring_daemon:Waiting 60 seconds for next poll...
INFO:netflow_service:Saved 4 flow metadata entries.
INFO:app.monitoring:Checking 2 active infrastructure devices...
INFO:app.monitoring:Checking 627 active customer devices...
INFO:monitoring_daemon:Waiting 60 seconds for next poll...
INFO:netflow_service:Saved 4 flow metadata entries.
INFO:app.monitoring:Checking 2 active infrastructure devices...
INFO:app.monitoring:Checking 627 active customer devices...
INFO:monitoring_daemon:Waiting 60 seconds for next poll...
INFO:netflow_service:Saved 4 flow metadata entries.
INFO:app.monitoring:Checking 2 active infrastructure devices...
INFO:app.monitoring:Checking 627 active customer devices...
INFO:monitoring_daemon:Waiting 60 seconds for next poll...
INFO:netflow_service:Saved 5 flow metadata entries.
INFO:app.monitoring:Checking 2 active infrastructure devices...
INFO:app.monitoring:Checking 627 active customer devices...
INFO:monitoring_daemon:Waiting 60 seconds for next poll...
INFO:netflow_service:Saved 4 flow metadata entries.
INFO:app.monitoring:Checking 2 active infrastructure devices...
INFO:app.monitoring:Checking 627 active customer devices...
INFO:monitoring_daemon:Waiting 60 seconds for next poll...
INFO:netflow_service:Saved 5 flow metadata entries.
INFO:app.monitoring:Checking 2 active infrastructure devices...
INFO:app.monitoring:Checking 627 active customer devices...
INFO:monitoring_daemon:Waiting 60 seconds for next poll...
INFO:netflow_service:Saved 4 flow metadata entries.
INFO:app.monitoring:Checking 2 active infrastructure devices...
INFO:app.monitoring:Checking 627 active customer devices...
INFO:monitoring_daemon:Waiting 60 seconds for next poll...
INFO:netflow_service:Saved 4 flow metadata entries.
INFO:app.monitoring:Checking 2 active infrastructure devices...
INFO:app.monitoring:Checking 627 active customer devices...
INFO:monitoring_daemon:Waiting 60 seconds for next poll...
INFO:netflow_service:Saved 5 flow metadata entries.
INFO:app.monitoring:Checking 2 active infrastructure devices...
INFO:app.monitoring:Checking 627 active customer devices...
INFO:monitoring_daemon:Waiting 60 seconds for next poll...
INFO:netflow_service:Saved 4 flow metadata entries.
INFO:app.monitoring:Checking 2 active infrastructure devices...
INFO:app.monitoring:Checking 627 active customer devices...
INFO:monitoring_daemon:Waiting 60 seconds for next poll...
INFO:netflow_service:Saved 4 flow metadata entries.
INFO:app.monitoring:Checking 2 active infrastructure devices...
INFO:app.monitoring:Checking 627 active customer devices...
INFO:monitoring_daemon:Waiting 60 seconds for next poll...
INFO:netflow_service:Saved 4 flow metadata entries.
INFO:app.monitoring:Checking 2 active infrastructure devices...
INFO:app.monitoring:Checking 627 active customer devices...
INFO:monitoring_daemon:Waiting 60 seconds for next poll...
INFO:netflow_service:Saved 4 flow metadata entries.
INFO:app.monitoring:Checking 2 active infrastructure devices...
INFO:app.monitoring:Checking 627 active customer devices...
INFO:monitoring_daemon:Waiting 60 seconds for next poll...
INFO:netflow_service:Saved 5 flow metadata entries.
INFO:app.monitoring:Checking 2 active infrastructure devices...
INFO:app.monitoring:Checking 627 active customer devices...
INFO:monitoring_daemon:Waiting 60 seconds for next poll...
INFO:netflow_service:Saved 4 flow metadata entries.
INFO:app.monitoring:Checking 2 active infrastructure devices...
INFO:app.monitoring:Checking 627 active customer devices...
INFO:monitoring_daemon:Waiting 60 seconds for next poll...
INFO:netflow_service:Saved 4 flow metadata entries.
INFO:app.monitoring:Checking 2 active infrastructure devices...
INFO:app.monitoring:Checking 627 active customer devices...
INFO:monitoring_daemon:Waiting 60 seconds for next poll...
INFO:netflow_service:Saved 4 flow metadata entries.
INFO:app.monitoring:Checking 2 active infrastructure devices...
INFO:app.monitoring:Checking 627 active customer devices...
INFO:monitoring_daemon:Waiting 60 seconds for next poll...
INFO:netflow_service:Saved 4 flow metadata entries.
INFO:app.monitoring:Checking 2 active infrastructure devices...
INFO:app.monitoring:Checking 627 active customer devices...
INFO:monitoring_daemon:Waiting 60 seconds for next poll...
INFO:netflow_service:Saved 5 flow metadata entries.
INFO:app.monitoring:Checking 2 active infrastructure devices...
INFO:app.monitoring:Checking 627 active customer devices...
INFO:monitoring_daemon:Waiting 60 seconds for next poll...
INFO:netflow_service:Saved 4 flow metadata entries.
INFO:app.monitoring:Checking 2 active infrastructure devices...
INFO:app.monitoring:Checking 627 active customer devices...
INFO:monitoring_daemon:Waiting 60 seconds for next poll...
INFO:netflow_service:Saved 4 flow metadata entries.
INFO:app.monitoring:Checking 2 active infrastructure devices...
INFO:app.monitoring:Checking 627 active customer devices...
INFO:monitoring_daemon:Waiting 60 seconds for next poll...
INFO:netflow_service:Saved 4 flow metadata entries.
INFO:app.monitoring:Checking 2 active infrastructure devices...
INFO:app.monitoring:Checking 627 active customer devices...
INFO:monitoring_daemon:Waiting 60 seconds for next poll...
INFO:netflow_service:Saved 5 flow metadata entries.
INFO:app.monitoring:Checking 2 active infrastructure devices...
INFO:app.monitoring:Checking 627 active customer devices...
INFO:monitoring_daemon:Waiting 60 seconds for next poll...
INFO:netflow_service:Saved 5 flow metadata entries.
INFO:app.monitoring:Checking 2 active infrastructure devices...
INFO:app.monitoring:Checking 627 active customer devices...
INFO:monitoring_daemon:Waiting 60 seconds for next poll...
INFO:netflow_service:Saved 4 flow metadata entries.
INFO:app.monitoring:Checking 2 active infrastructure devices...
INFO:app.monitoring:Checking 627 active customer devices...
INFO:monitoring_daemon:Waiting 60 seconds for next poll...
INFO:netflow_service:Saved 4 flow metadata entries.
INFO:app.monitoring:Checking 2 active infrastructure devices...
INFO:app.monitoring:Checking 627 active customer devices...
INFO:monitoring_daemon:Waiting 60 seconds for next poll...
INFO:netflow_service:Saved 5 flow metadata entries.
INFO:app.monitoring:Checking 2 active infrastructure devices...
INFO:app.monitoring:Checking 627 active customer devices...
INFO:monitoring_daemon:Waiting 60 seconds for next poll...
INFO:netflow_service:Saved 4 flow metadata entries.
INFO:app.monitoring:Checking 2 active infrastructure devices...
INFO:app.monitoring:Checking 627 active customer devices...
INFO:monitoring_daemon:Waiting 60 seconds for next poll...
INFO:netflow_service:Saved 5 flow metadata entries.
INFO:app.monitoring:Checking 2 active infrastructure devices...
INFO:app.monitoring:Checking 627 active customer devices...
INFO:monitoring_daemon:Waiting 60 seconds for next poll...
INFO:netflow_service:Saved 4 flow metadata entries.
INFO:app.monitoring:Checking 2 active infrastructure devices...
INFO:app.monitoring:Checking 627 active customer devices...
INFO:monitoring_daemon:Waiting 60 seconds for next poll...
INFO:netflow_service:Saved 4 flow metadata entries.
INFO:app.monitoring:Checking 2 active infrastructure devices...
INFO:app.monitoring:Checking 627 active customer devices...
INFO:monitoring_daemon:Waiting 60 seconds for next poll...
INFO:netflow_service:Saved 4 flow metadata entries.
INFO:app.monitoring:Checking 2 active infrastructure devices...
INFO:app.monitoring:Checking 627 active customer devices...
INFO:monitoring_daemon:Waiting 60 seconds for next poll...
INFO:netflow_service:Saved 4 flow metadata entries.
INFO:app.monitoring:Checking 2 active infrastructure devices...
INFO:app.monitoring:Checking 627 active customer devices...
INFO:monitoring_daemon:Waiting 60 seconds for next poll...
INFO:netflow_service:Saved 5 flow metadata entries.
INFO:app.monitoring:Checking 2 active infrastructure devices...
INFO:app.monitoring:Checking 627 active customer devices...
INFO:monitoring_daemon:Waiting 60 seconds for next poll...
INFO:netflow_service:Saved 4 flow metadata entries.
INFO:app.monitoring:Checking 2 active infrastructure devices...
INFO:app.monitoring:Checking 627 active customer devices...
INFO:monitoring_daemon:Waiting 60 seconds for next poll...
INFO:netflow_service:Saved 4 flow metadata entries.
INFO:app.monitoring:Checking 2 active infrastructure devices...
INFO:app.monitoring:Checking 627 active customer devices...
INFO:monitoring_daemon:Waiting 60 seconds for next poll...
INFO:netflow_service:Saved 4 flow metadata entries.
INFO:app.monitoring:Checking 2 active infrastructure devices...
INFO:app.monitoring:Checking 627 active customer devices...
INFO:monitoring_daemon:Waiting 60 seconds for next poll...
INFO:netflow_service:Saved 4 flow metadata entries.
INFO:app.monitoring:Checking 2 active infrastructure devices...
INFO:app.monitoring:Checking 627 active customer devices...
INFO:monitoring_daemon:Waiting 60 seconds for next poll...
INFO:netflow_service:Saved 5 flow metadata entries.
INFO:app.monitoring:Checking 2 active infrastructure devices...
INFO:app.monitoring:Checking 627 active customer devices...
INFO:monitoring_daemon:Waiting 60 seconds for next poll...
INFO:netflow_service:Saved 4 flow metadata entries.
INFO:app.monitoring:Checking 2 active infrastructure devices...
INFO:app.monitoring:Checking 627 active customer devices...
INFO:monitoring_daemon:Waiting 60 seconds for next poll...
INFO:netflow_service:Saved 4 flow metadata entries.
INFO:app.monitoring:Checking 2 active infrastructure devices...
INFO:app.monitoring:Checking 627 active customer devices...
INFO:monitoring_daemon:Waiting 60 seconds for next poll...
INFO:netflow_service:Saved 4 flow metadata entries.
INFO:app.monitoring:Checking 2 active infrastructure devices...
INFO:app.monitoring:Checking 627 active customer devices...
INFO:monitoring_daemon:Waiting 60 seconds for next poll...
INFO:netflow_service:Saved 4 flow metadata entries.
INFO:app.monitoring:Checking 2 active infrastructure devices...
INFO:app.monitoring:Checking 627 active customer devices...
INFO:monitoring_daemon:Waiting 60 seconds for next poll...
INFO:netflow_service:Saved 5 flow metadata entries.
INFO:app.monitoring:Checking 2 active infrastructure devices...
INFO:app.monitoring:Checking 627 active customer devices...
INFO:monitoring_daemon:Waiting 60 seconds for next poll...
INFO:netflow_service:Saved 4 flow metadata entries.
INFO:app.monitoring:Checking 2 active infrastructure devices...
INFO:app.monitoring:Checking 627 active customer devices...
INFO:monitoring_daemon:Waiting 60 seconds for next poll...
INFO:netflow_service:Saved 4 flow metadata entries.
INFO:app.monitoring:Checking 2 active infrastructure devices...
INFO:app.monitoring:Checking 627 active customer devices...
INFO:monitoring_daemon:Waiting 60 seconds for next poll...
INFO:netflow_service:Saved 4 flow metadata entries.
INFO:app.monitoring:Checking 2 active infrastructure devices...
INFO:app.monitoring:Checking 627 active customer devices...
INFO:monitoring_daemon:Waiting 60 seconds for next poll...
INFO:netflow_service:Saved 4 flow metadata entries.
INFO:app.monitoring:Checking 2 active infrastructure devices...
INFO:app.monitoring:Checking 627 active customer devices...
INFO:monitoring_daemon:Waiting 60 seconds for next poll...
INFO:netflow_service:Saved 5 flow metadata entries.
INFO:app.monitoring:Checking 2 active infrastructure devices...
INFO:app.monitoring:Checking 627 active customer devices...
INFO:monitoring_daemon:Waiting 60 seconds for next poll...
INFO:netflow_service:Saved 4 flow metadata entries.
INFO:app.monitoring:Checking 2 active infrastructure devices...
INFO:app.monitoring:Checking 627 active customer devices...
INFO:monitoring_daemon:Waiting 60 seconds for next poll...
INFO:netflow_service:Saved 4 flow metadata entries.
INFO:app.monitoring:Checking 2 active infrastructure devices...
INFO:app.monitoring:Checking 627 active customer devices...
INFO:monitoring_daemon:Waiting 60 seconds for next poll...
INFO:netflow_service:Saved 4 flow metadata entries.
INFO:app.monitoring:Checking 2 active infrastructure devices...
INFO:app.monitoring:Checking 627 active customer devices...
INFO:monitoring_daemon:Waiting 60 seconds for next poll...
INFO:netflow_service:Saved 4 flow metadata entries.
INFO:app.monitoring:Checking 2 active infrastructure devices...
INFO:app.monitoring:Checking 627 active customer devices...
INFO:monitoring_daemon:Waiting 60 seconds for next poll...
INFO:netflow_service:Saved 5 flow metadata entries.
INFO:app.monitoring:Checking 2 active infrastructure devices...
INFO:app.monitoring:Checking 627 active customer devices...
INFO:monitoring_daemon:Waiting 60 seconds for next poll...
INFO:netflow_service:Saved 4 flow metadata entries.
INFO:app.monitoring:Checking 2 active infrastructure devices...
INFO:app.monitoring:Checking 627 active customer devices...
INFO:monitoring_daemon:Waiting 60 seconds for next poll...
INFO:netflow_service:Saved 4 flow metadata entries.
INFO:app.monitoring:Checking 2 active infrastructure devices...
INFO:app.monitoring:Checking 627 active customer devices...
INFO:monitoring_daemon:Waiting 60 seconds for next poll...
INFO:netflow_service:Saved 4 flow metadata entries.
INFO:app.monitoring:Checking 2 active infrastructure devices...
INFO:app.monitoring:Checking 627 active customer devices...
INFO:monitoring_daemon:Waiting 60 seconds for next poll...
INFO:netflow_service:Saved 6 flow metadata entries.
INFO:app.monitoring:Checking 2 active infrastructure devices...
INFO:app.monitoring:Checking 627 active customer devices...
INFO:monitoring_daemon:Waiting 60 seconds for next poll...
INFO:netflow_service:Saved 4 flow metadata entries.
INFO:app.monitoring:Checking 2 active infrastructure devices...
INFO:app.monitoring:Checking 627 active customer devices...
INFO:monitoring_daemon:Waiting 60 seconds for next poll...
INFO:netflow_service:Saved 4 flow metadata entries.
INFO:app.monitoring:Checking 2 active infrastructure devices...
INFO:app.monitoring:Checking 627 active customer devices...
INFO:monitoring_daemon:Waiting 60 seconds for next poll...
INFO:netflow_service:Saved 4 flow metadata entries.
INFO:app.monitoring:Checking 2 active infrastructure devices...
INFO:app.monitoring:Checking 627 active customer devices...
INFO:monitoring_daemon:Waiting 60 seconds for next poll...
INFO:netflow_service:Saved 4 flow metadata entries.
INFO:app.monitoring:Checking 2 active infrastructure devices...
INFO:app.monitoring:Checking 627 active customer devices...
INFO:monitoring_daemon:Waiting 60 seconds for next poll...
INFO:netflow_service:Saved 5 flow metadata entries.
INFO:app.monitoring:Checking 2 active infrastructure devices...
INFO:app.monitoring:Checking 627 active customer devices...
INFO:monitoring_daemon:Waiting 60 seconds for next poll...
INFO:netflow_service:Saved 4 flow metadata entries.
INFO:app.monitoring:Checking 2 active infrastructure devices...
INFO:app.monitoring:Checking 627 active customer devices...
INFO:monitoring_daemon:Waiting 60 seconds for next poll...
INFO:netflow_service:Saved 4 flow metadata entries.
INFO:app.monitoring:Checking 2 active infrastructure devices...
INFO:app.monitoring:Checking 627 active customer devices...
INFO:monitoring_daemon:Waiting 60 seconds for next poll...
INFO:netflow_service:Saved 4 flow metadata entries.
INFO:app.monitoring:Checking 2 active infrastructure devices...
INFO:app.monitoring:Checking 627 active customer devices...
INFO:monitoring_daemon:Waiting 60 seconds for next poll...
INFO:netflow_service:Saved 4 flow metadata entries.
INFO:app.monitoring:Checking 2 active infrastructure devices...
INFO:app.monitoring:Checking 627 active customer devices...
INFO:monitoring_daemon:Waiting 60 seconds for next poll...
INFO:netflow_service:Saved 5 flow metadata entries.
INFO:app.monitoring:Checking 2 active infrastructure devices...
INFO:app.monitoring:Checking 627 active customer devices...
INFO:monitoring_daemon:Waiting 60 seconds for next poll...
INFO:netflow_service:Saved 4 flow metadata entries.
INFO:app.monitoring:Checking 2 active infrastructure devices...
INFO:app.monitoring:Checking 627 active customer devices...
INFO:monitoring_daemon:Waiting 60 seconds for next poll...
INFO:netflow_service:Saved 4 flow metadata entries.
INFO:app.monitoring:Checking 2 active infrastructure devices...
INFO:app.monitoring:Checking 627 active customer devices...
INFO:monitoring_daemon:Waiting 60 seconds for next poll...
INFO:netflow_service:Saved 4 flow metadata entries.
INFO:app.monitoring:Checking 2 active infrastructure devices...
INFO:app.monitoring:Checking 627 active customer devices...
INFO:monitoring_daemon:Waiting 60 seconds for next poll...
INFO:netflow_service:Saved 4 flow metadata entries.
INFO:app.monitoring:Checking 2 active infrastructure devices...
INFO:app.monitoring:Checking 627 active customer devices...
INFO:monitoring_daemon:Waiting 60 seconds for next poll...
INFO:netflow_service:Saved 5 flow metadata entries.
INFO:app.monitoring:Checking 2 active infrastructure devices...
INFO:app.monitoring:Checking 627 active customer devices...
INFO:monitoring_daemon:Waiting 60 seconds for next poll...
INFO:netflow_service:Saved 4 flow metadata entries.
INFO:app.monitoring:Checking 2 active infrastructure devices...
INFO:app.monitoring:Checking 627 active customer devices...
INFO:monitoring_daemon:Waiting 60 seconds for next poll...
INFO:netflow_service:Saved 4 flow metadata entries.
INFO:app.monitoring:Checking 2 active infrastructure devices...
INFO:app.monitoring:Checking 627 active customer devices...
INFO:monitoring_daemon:Waiting 60 seconds for next poll...
INFO:netflow_service:Saved 4 flow metadata entries.
INFO:app.monitoring:Checking 2 active infrastructure devices...
INFO:app.monitoring:Checking 627 active customer devices...
INFO:monitoring_daemon:Waiting 60 seconds for next poll...
INFO:netflow_service:Saved 4 flow metadata entries.
INFO:app.monitoring:Checking 2 active infrastructure devices...
INFO:app.monitoring:Checking 627 active customer devices...
INFO:monitoring_daemon:Waiting 60 seconds for next poll...
INFO:netflow_service:Saved 5 flow metadata entries.
