2026-04-27 17:24:19,273 - INFO - root - Logging system initialized.
2026-04-27 17:24:19,274 - INFO - app.test - Test log message
2026-04-27 17:26:14,142 - INFO - root - Logging system initialized.
2026-04-27 17:26:19,925 - INFO - root - Logging system initialized.
2026-04-27 17:27:11,649 - INFO - root - Logging system initialized.
2026-04-27 17:27:12,837 - INFO - alembic.runtime.plugins - setup plugin alembic.autogenerate.schemas
2026-04-27 17:27:12,838 - INFO - alembic.runtime.plugins - setup plugin alembic.autogenerate.tables
2026-04-27 17:27:12,838 - INFO - alembic.runtime.plugins - setup plugin alembic.autogenerate.types
2026-04-27 17:27:12,839 - INFO - alembic.runtime.plugins - setup plugin alembic.autogenerate.constraints
2026-04-27 17:27:12,841 - INFO - alembic.runtime.plugins - setup plugin alembic.autogenerate.defaults
2026-04-27 17:27:12,842 - INFO - alembic.runtime.plugins - setup plugin alembic.autogenerate.comments
2026-04-27 17:27:37,609 - INFO - root - Logging system initialized.
2026-04-27 17:27:38,709 - INFO - alembic.runtime.plugins - setup plugin alembic.autogenerate.schemas
2026-04-27 17:27:38,710 - INFO - alembic.runtime.plugins - setup plugin alembic.autogenerate.tables
2026-04-27 17:27:38,710 - INFO - alembic.runtime.plugins - setup plugin alembic.autogenerate.types
2026-04-27 17:27:38,711 - INFO - alembic.runtime.plugins - setup plugin alembic.autogenerate.constraints
2026-04-27 17:27:38,712 - INFO - alembic.runtime.plugins - setup plugin alembic.autogenerate.defaults
2026-04-27 17:27:38,713 - INFO - alembic.runtime.plugins - setup plugin alembic.autogenerate.comments
2026-04-27 17:27:42,493 - INFO - root - Logging system initialized.
2026-04-27 17:27:43,479 - INFO - alembic.runtime.plugins - setup plugin alembic.autogenerate.schemas
2026-04-27 17:27:43,480 - INFO - alembic.runtime.plugins - setup plugin alembic.autogenerate.tables
2026-04-27 17:27:43,480 - INFO - alembic.runtime.plugins - setup plugin alembic.autogenerate.types
2026-04-27 17:27:43,480 - INFO - alembic.runtime.plugins - setup plugin alembic.autogenerate.constraints
2026-04-27 17:27:43,481 - INFO - alembic.runtime.plugins - setup plugin alembic.autogenerate.defaults
2026-04-27 17:27:43,482 - INFO - alembic.runtime.plugins - setup plugin alembic.autogenerate.comments
2026-04-27 17:27:53,937 - INFO - root - Logging system initialized.
2026-04-27 17:27:54,926 - INFO - alembic.runtime.plugins - setup plugin alembic.autogenerate.schemas
2026-04-27 17:27:54,926 - INFO - alembic.runtime.plugins - setup plugin alembic.autogenerate.tables
2026-04-27 17:27:54,927 - INFO - alembic.runtime.plugins - setup plugin alembic.autogenerate.types
2026-04-27 17:27:54,927 - INFO - alembic.runtime.plugins - setup plugin alembic.autogenerate.constraints
2026-04-27 17:27:54,928 - INFO - alembic.runtime.plugins - setup plugin alembic.autogenerate.defaults
2026-04-27 17:27:54,930 - INFO - alembic.runtime.plugins - setup plugin alembic.autogenerate.comments
2026-04-27 17:28:02,539 - INFO - root - Logging system initialized.
2026-04-27 17:28:03,510 - INFO - alembic.runtime.plugins - setup plugin alembic.autogenerate.schemas
2026-04-27 17:28:03,511 - INFO - alembic.runtime.plugins - setup plugin alembic.autogenerate.tables
2026-04-27 17:28:03,511 - INFO - alembic.runtime.plugins - setup plugin alembic.autogenerate.types
2026-04-27 17:28:03,511 - INFO - alembic.runtime.plugins - setup plugin alembic.autogenerate.constraints
2026-04-27 17:28:03,512 - INFO - alembic.runtime.plugins - setup plugin alembic.autogenerate.defaults
2026-04-27 17:28:03,513 - INFO - alembic.runtime.plugins - setup plugin alembic.autogenerate.comments
2026-04-27 17:28:13,128 - INFO - root - Logging system initialized.
2026-04-27 17:28:13,468 - INFO - alembic.runtime.plugins - setup plugin alembic.autogenerate.schemas
2026-04-27 17:28:13,469 - INFO - alembic.runtime.plugins - setup plugin alembic.autogenerate.tables
2026-04-27 17:28:13,469 - INFO - alembic.runtime.plugins - setup plugin alembic.autogenerate.types
2026-04-27 17:28:13,469 - INFO - alembic.runtime.plugins - setup plugin alembic.autogenerate.constraints
2026-04-27 17:28:13,469 - INFO - alembic.runtime.plugins - setup plugin alembic.autogenerate.defaults
2026-04-27 17:28:13,469 - INFO - alembic.runtime.plugins - setup plugin alembic.autogenerate.comments
2026-04-27 17:28:14,526 - INFO - httpx - HTTP Request: GET http://testserver/test-path "HTTP/1.1 200 OK"
2026-04-27 17:30:01,412 - INFO - root - Logging system initialized.
2026-04-27 17:30:02,600 - INFO - alembic.runtime.plugins - setup plugin alembic.autogenerate.schemas
2026-04-27 17:30:02,600 - INFO - alembic.runtime.plugins - setup plugin alembic.autogenerate.tables
2026-04-27 17:30:02,602 - INFO - alembic.runtime.plugins - setup plugin alembic.autogenerate.types
2026-04-27 17:30:02,603 - INFO - alembic.runtime.plugins - setup plugin alembic.autogenerate.constraints
2026-04-27 17:30:02,604 - INFO - alembic.runtime.plugins - setup plugin alembic.autogenerate.defaults
2026-04-27 17:30:02,604 - INFO - alembic.runtime.plugins - setup plugin alembic.autogenerate.comments
2026-04-27 17:30:14,778 - INFO - root - Logging system initialized.
2026-04-27 17:30:15,835 - INFO - alembic.runtime.plugins - setup plugin alembic.autogenerate.schemas
2026-04-27 17:30:15,836 - INFO - alembic.runtime.plugins - setup plugin alembic.autogenerate.tables
2026-04-27 17:30:15,836 - INFO - alembic.runtime.plugins - setup plugin alembic.autogenerate.types
2026-04-27 17:30:15,837 - INFO - alembic.runtime.plugins - setup plugin alembic.autogenerate.constraints
2026-04-27 17:30:15,838 - INFO - alembic.runtime.plugins - setup plugin alembic.autogenerate.defaults
2026-04-27 17:30:15,840 - INFO - alembic.runtime.plugins - setup plugin alembic.autogenerate.comments
2026-04-27 17:30:35,217 - INFO - root - Logging system initialized.
2026-04-27 17:30:35,564 - INFO - alembic.runtime.plugins - setup plugin alembic.autogenerate.schemas
2026-04-27 17:30:35,564 - INFO - alembic.runtime.plugins - setup plugin alembic.autogenerate.tables
2026-04-27 17:30:35,564 - INFO - alembic.runtime.plugins - setup plugin alembic.autogenerate.types
2026-04-27 17:30:35,564 - INFO - alembic.runtime.plugins - setup plugin alembic.autogenerate.constraints
2026-04-27 17:30:35,565 - INFO - alembic.runtime.plugins - setup plugin alembic.autogenerate.defaults
2026-04-27 17:30:35,565 - INFO - alembic.runtime.plugins - setup plugin alembic.autogenerate.comments
2026-04-27 17:30:36,650 - INFO - root - Logging system initialized.
2026-04-27 17:30:36,651 - INFO - app.test - Test log message
2026-04-27 17:30:36,678 - INFO - httpx - HTTP Request: GET http://testserver/test-path "HTTP/1.1 200 OK"
2026-04-27 17:30:44,480 - INFO - root - Logging system initialized.
2026-04-27 17:30:45,570 - INFO - alembic.runtime.plugins - setup plugin alembic.autogenerate.schemas
2026-04-27 17:30:45,570 - INFO - alembic.runtime.plugins - setup plugin alembic.autogenerate.tables
2026-04-27 17:30:45,571 - INFO - alembic.runtime.plugins - setup plugin alembic.autogenerate.types
2026-04-27 17:30:45,571 - INFO - alembic.runtime.plugins - setup plugin alembic.autogenerate.constraints
2026-04-27 17:30:45,572 - INFO - alembic.runtime.plugins - setup plugin alembic.autogenerate.defaults
2026-04-27 17:30:45,572 - INFO - alembic.runtime.plugins - setup plugin alembic.autogenerate.comments
2026-04-27 17:31:06,138 - INFO - root - Logging system initialized.
2026-04-27 17:31:07,230 - INFO - alembic.runtime.plugins - setup plugin alembic.autogenerate.schemas
2026-04-27 17:31:07,230 - INFO - alembic.runtime.plugins - setup plugin alembic.autogenerate.tables
2026-04-27 17:31:07,231 - INFO - alembic.runtime.plugins - setup plugin alembic.autogenerate.types
2026-04-27 17:31:07,232 - INFO - alembic.runtime.plugins - setup plugin alembic.autogenerate.constraints
2026-04-27 17:31:07,234 - INFO - alembic.runtime.plugins - setup plugin alembic.autogenerate.defaults
2026-04-27 17:31:07,234 - INFO - alembic.runtime.plugins - setup plugin alembic.autogenerate.comments
2026-04-27 17:34:07,243 - INFO - root - Logging system initialized.
2026-04-27 17:34:08,722 - INFO - alembic.runtime.plugins - setup plugin alembic.autogenerate.schemas
2026-04-27 17:34:08,723 - INFO - alembic.runtime.plugins - setup plugin alembic.autogenerate.tables
2026-04-27 17:34:08,723 - INFO - alembic.runtime.plugins - setup plugin alembic.autogenerate.types
2026-04-27 17:34:08,723 - INFO - alembic.runtime.plugins - setup plugin alembic.autogenerate.constraints
2026-04-27 17:34:08,724 - INFO - alembic.runtime.plugins - setup plugin alembic.autogenerate.defaults
2026-04-27 17:34:08,724 - INFO - alembic.runtime.plugins - setup plugin alembic.autogenerate.comments
2026-04-27 17:34:18,466 - INFO - root - Logging system initialized.
2026-04-27 17:34:19,980 - INFO - alembic.runtime.plugins - setup plugin alembic.autogenerate.schemas
2026-04-27 17:34:19,981 - INFO - alembic.runtime.plugins - setup plugin alembic.autogenerate.tables
2026-04-27 17:34:19,981 - INFO - alembic.runtime.plugins - setup plugin alembic.autogenerate.types
2026-04-27 17:34:19,981 - INFO - alembic.runtime.plugins - setup plugin alembic.autogenerate.constraints
2026-04-27 17:34:19,982 - INFO - alembic.runtime.plugins - setup plugin alembic.autogenerate.defaults
2026-04-27 17:34:19,983 - INFO - alembic.runtime.plugins - setup plugin alembic.autogenerate.comments
2026-04-27 17:34:52,641 - INFO - root - Logging system initialized.
2026-04-27 17:34:54,016 - INFO - alembic.runtime.plugins - setup plugin alembic.autogenerate.schemas
2026-04-27 17:34:54,016 - INFO - alembic.runtime.plugins - setup plugin alembic.autogenerate.tables
2026-04-27 17:34:54,017 - INFO - alembic.runtime.plugins - setup plugin alembic.autogenerate.types
2026-04-27 17:34:54,017 - INFO - alembic.runtime.plugins - setup plugin alembic.autogenerate.constraints
2026-04-27 17:34:54,018 - INFO - alembic.runtime.plugins - setup plugin alembic.autogenerate.defaults
2026-04-27 17:34:54,019 - INFO - alembic.runtime.plugins - setup plugin alembic.autogenerate.comments
2026-04-27 17:39:41,116 - INFO - root - Logging system initialized.
2026-04-27 17:39:42,754 - INFO - alembic.runtime.plugins - setup plugin alembic.autogenerate.schemas
2026-04-27 17:39:42,754 - INFO - alembic.runtime.plugins - setup plugin alembic.autogenerate.tables
2026-04-27 17:39:42,754 - INFO - alembic.runtime.plugins - setup plugin alembic.autogenerate.types
2026-04-27 17:39:42,755 - INFO - alembic.runtime.plugins - setup plugin alembic.autogenerate.constraints
2026-04-27 17:39:42,756 - INFO - alembic.runtime.plugins - setup plugin alembic.autogenerate.defaults
2026-04-27 17:39:42,757 - INFO - alembic.runtime.plugins - setup plugin alembic.autogenerate.comments
2026-04-27 17:41:32,071 - INFO - root - Logging system initialized.
2026-04-27 17:41:33,264 - INFO - alembic.runtime.plugins - setup plugin alembic.autogenerate.schemas
2026-04-27 17:41:33,264 - INFO - alembic.runtime.plugins - setup plugin alembic.autogenerate.tables
2026-04-27 17:41:33,264 - INFO - alembic.runtime.plugins - setup plugin alembic.autogenerate.types
2026-04-27 17:41:33,265 - INFO - alembic.runtime.plugins - setup plugin alembic.autogenerate.constraints
2026-04-27 17:41:33,265 - INFO - alembic.runtime.plugins - setup plugin alembic.autogenerate.defaults
2026-04-27 17:41:33,266 - INFO - alembic.runtime.plugins - setup plugin alembic.autogenerate.comments
2026-04-27 17:41:42,041 - INFO - root - Logging system initialized.
2026-04-27 17:41:42,846 - INFO - alembic.runtime.plugins - setup plugin alembic.autogenerate.schemas
2026-04-27 17:41:42,846 - INFO - alembic.runtime.plugins - setup plugin alembic.autogenerate.tables
2026-04-27 17:41:42,846 - INFO - alembic.runtime.plugins - setup plugin alembic.autogenerate.types
2026-04-27 17:41:42,846 - INFO - alembic.runtime.plugins - setup plugin alembic.autogenerate.constraints
2026-04-27 17:41:42,846 - INFO - alembic.runtime.plugins - setup plugin alembic.autogenerate.defaults
2026-04-27 17:41:42,847 - INFO - alembic.runtime.plugins - setup plugin alembic.autogenerate.comments
2026-04-27 17:42:43,219 - INFO - root - Logging system initialized.
2026-04-27 17:42:44,305 - INFO - alembic.runtime.plugins - setup plugin alembic.autogenerate.schemas
2026-04-27 17:42:44,306 - INFO - alembic.runtime.plugins - setup plugin alembic.autogenerate.tables
2026-04-27 17:42:44,306 - INFO - alembic.runtime.plugins - setup plugin alembic.autogenerate.types
2026-04-27 17:42:44,308 - INFO - alembic.runtime.plugins - setup plugin alembic.autogenerate.constraints
2026-04-27 17:42:44,309 - INFO - alembic.runtime.plugins - setup plugin alembic.autogenerate.defaults
2026-04-27 17:42:44,310 - INFO - alembic.runtime.plugins - setup plugin alembic.autogenerate.comments
2026-04-27 17:42:58,052 - INFO - root - Logging system initialized.
2026-04-27 17:43:00,233 - INFO - alembic.runtime.plugins - setup plugin alembic.autogenerate.schemas
2026-04-27 17:43:00,240 - INFO - alembic.runtime.plugins - setup plugin alembic.autogenerate.tables
2026-04-27 17:43:00,242 - INFO - alembic.runtime.plugins - setup plugin alembic.autogenerate.types
2026-04-27 17:43:00,243 - INFO - alembic.runtime.plugins - setup plugin alembic.autogenerate.constraints
2026-04-27 17:43:00,244 - INFO - alembic.runtime.plugins - setup plugin alembic.autogenerate.defaults
2026-04-27 17:43:00,250 - INFO - alembic.runtime.plugins - setup plugin alembic.autogenerate.comments
2026-04-27 17:43:19,304 - INFO - root - Logging system initialized.
2026-04-27 17:43:20,061 - INFO - alembic.runtime.plugins - setup plugin alembic.autogenerate.schemas
2026-04-27 17:43:20,061 - INFO - alembic.runtime.plugins - setup plugin alembic.autogenerate.tables
2026-04-27 17:43:20,061 - INFO - alembic.runtime.plugins - setup plugin alembic.autogenerate.types
2026-04-27 17:43:20,061 - INFO - alembic.runtime.plugins - setup plugin alembic.autogenerate.constraints
2026-04-27 17:43:20,061 - INFO - alembic.runtime.plugins - setup plugin alembic.autogenerate.defaults
2026-04-27 17:43:20,061 - INFO - alembic.runtime.plugins - setup plugin alembic.autogenerate.comments
2026-04-27 17:43:21,811 - INFO - app.middleware - Incoming: GET / (User: Anonymous)
2026-04-27 17:43:21,814 - INFO - app.middleware - Completed: GET / Status: 303 Time: 2.53ms
2026-04-27 17:43:21,816 - INFO - httpx - HTTP Request: GET http://testserver/ "HTTP/1.1 303 See Other"
2026-04-27 17:43:21,818 - INFO - app.middleware - Incoming: GET /login (User: Anonymous)
2026-04-27 17:43:21,823 - INFO - app.middleware - Completed: GET /login Status: 200 Time: 4.44ms
2026-04-27 17:43:21,824 - INFO - httpx - HTTP Request: GET http://testserver/login "HTTP/1.1 200 OK"
2026-04-27 17:43:21,827 - INFO - app.middleware - Incoming: GET /customers (User: Anonymous)
2026-04-27 17:43:21,830 - INFO - app.middleware - Completed: GET /customers Status: 303 Time: 2.86ms
2026-04-27 17:43:21,834 - INFO - httpx - HTTP Request: GET http://testserver/customers "HTTP/1.1 303 See Other"
2026-04-27 17:43:21,836 - INFO - app.middleware - Incoming: GET /login (User: Anonymous)
2026-04-27 17:43:21,838 - INFO - app.middleware - Completed: GET /login Status: 200 Time: 1.37ms
2026-04-27 17:43:21,839 - INFO - httpx - HTTP Request: GET http://testserver/login "HTTP/1.1 200 OK"
2026-04-27 17:43:55,086 - INFO - root - Logging system initialized.
2026-04-27 17:43:56,275 - INFO - alembic.runtime.plugins - setup plugin alembic.autogenerate.schemas
2026-04-27 17:43:56,279 - INFO - alembic.runtime.plugins - setup plugin alembic.autogenerate.tables
2026-04-27 17:43:56,282 - INFO - alembic.runtime.plugins - setup plugin alembic.autogenerate.types
2026-04-27 17:43:56,284 - INFO - alembic.runtime.plugins - setup plugin alembic.autogenerate.constraints
2026-04-27 17:43:56,284 - INFO - alembic.runtime.plugins - setup plugin alembic.autogenerate.defaults
2026-04-27 17:43:56,284 - INFO - alembic.runtime.plugins - setup plugin alembic.autogenerate.comments
2026-04-27 17:43:59,376 - INFO - root - Logging system initialized.
2026-04-27 17:44:00,700 - INFO - alembic.runtime.plugins - setup plugin alembic.autogenerate.schemas
2026-04-27 17:44:00,701 - INFO - alembic.runtime.plugins - setup plugin alembic.autogenerate.tables
2026-04-27 17:44:00,701 - INFO - alembic.runtime.plugins - setup plugin alembic.autogenerate.types
2026-04-27 17:44:00,702 - INFO - alembic.runtime.plugins - setup plugin alembic.autogenerate.constraints
2026-04-27 17:44:00,703 - INFO - alembic.runtime.plugins - setup plugin alembic.autogenerate.defaults
2026-04-27 17:44:00,704 - INFO - alembic.runtime.plugins - setup plugin alembic.autogenerate.comments
2026-04-27 17:47:32,853 - INFO - root - Logging system initialized.
2026-04-27 17:47:33,583 - INFO - alembic.runtime.plugins - setup plugin alembic.autogenerate.schemas
2026-04-27 17:47:33,583 - INFO - alembic.runtime.plugins - setup plugin alembic.autogenerate.tables
2026-04-27 17:47:33,583 - INFO - alembic.runtime.plugins - setup plugin alembic.autogenerate.types
2026-04-27 17:47:33,583 - INFO - alembic.runtime.plugins - setup plugin alembic.autogenerate.constraints
2026-04-27 17:47:33,584 - INFO - alembic.runtime.plugins - setup plugin alembic.autogenerate.defaults
2026-04-27 17:47:33,584 - INFO - alembic.runtime.plugins - setup plugin alembic.autogenerate.comments
2026-04-27 17:47:35,506 - INFO - app.middleware - Incoming: GET / (User: Anonymous)
2026-04-27 17:47:35,508 - INFO - app.middleware - Completed: GET / Status: 303 Time: 2.42ms
2026-04-27 17:47:35,511 - INFO - httpx - HTTP Request: GET http://testserver/ "HTTP/1.1 303 See Other"
2026-04-27 17:47:35,513 - INFO - app.middleware - Incoming: GET /login (User: Anonymous)
2026-04-27 17:47:35,518 - INFO - app.middleware - Completed: GET /login Status: 200 Time: 4.64ms
2026-04-27 17:47:35,519 - INFO - httpx - HTTP Request: GET http://testserver/login "HTTP/1.1 200 OK"
2026-04-27 17:47:35,522 - INFO - app.middleware - Incoming: GET /customers (User: Anonymous)
2026-04-27 17:47:35,524 - INFO - app.middleware - Completed: GET /customers Status: 303 Time: 2.45ms
2026-04-27 17:47:35,526 - INFO - httpx - HTTP Request: GET http://testserver/customers "HTTP/1.1 303 See Other"
2026-04-27 17:47:35,528 - INFO - app.middleware - Incoming: GET /login (User: Anonymous)
2026-04-27 17:47:35,530 - INFO - app.middleware - Completed: GET /login Status: 200 Time: 1.56ms
2026-04-27 17:47:35,532 - INFO - httpx - HTTP Request: GET http://testserver/login "HTTP/1.1 200 OK"
2026-04-27 17:47:48,961 - INFO - root - Logging system initialized.
2026-04-27 17:47:49,972 - INFO - alembic.runtime.plugins - setup plugin alembic.autogenerate.schemas
2026-04-27 17:47:49,973 - INFO - alembic.runtime.plugins - setup plugin alembic.autogenerate.tables
2026-04-27 17:47:49,973 - INFO - alembic.runtime.plugins - setup plugin alembic.autogenerate.types
2026-04-27 17:47:49,974 - INFO - alembic.runtime.plugins - setup plugin alembic.autogenerate.constraints
2026-04-27 17:47:49,975 - INFO - alembic.runtime.plugins - setup plugin alembic.autogenerate.defaults
2026-04-27 17:47:49,977 - INFO - alembic.runtime.plugins - setup plugin alembic.autogenerate.comments
2026-04-27 17:48:46,384 - INFO - root - Logging system initialized.
2026-04-27 17:48:47,393 - INFO - alembic.runtime.plugins - setup plugin alembic.autogenerate.schemas
2026-04-27 17:48:47,394 - INFO - alembic.runtime.plugins - setup plugin alembic.autogenerate.tables
2026-04-27 17:48:47,394 - INFO - alembic.runtime.plugins - setup plugin alembic.autogenerate.types
2026-04-27 17:48:47,395 - INFO - alembic.runtime.plugins - setup plugin alembic.autogenerate.constraints
2026-04-27 17:48:47,396 - INFO - alembic.runtime.plugins - setup plugin alembic.autogenerate.defaults
2026-04-27 17:48:47,397 - INFO - alembic.runtime.plugins - setup plugin alembic.autogenerate.comments
2026-04-27 17:49:27,820 - INFO - root - Logging system initialized.
2026-04-27 17:49:29,292 - INFO - alembic.runtime.plugins - setup plugin alembic.autogenerate.schemas
2026-04-27 17:49:29,294 - INFO - alembic.runtime.plugins - setup plugin alembic.autogenerate.tables
2026-04-27 17:49:29,294 - INFO - alembic.runtime.plugins - setup plugin alembic.autogenerate.types
2026-04-27 17:49:29,295 - INFO - alembic.runtime.plugins - setup plugin alembic.autogenerate.constraints
2026-04-27 17:49:29,295 - INFO - alembic.runtime.plugins - setup plugin alembic.autogenerate.defaults
2026-04-27 17:49:29,296 - INFO - alembic.runtime.plugins - setup plugin alembic.autogenerate.comments
2026-04-27 17:49:32,173 - INFO - root - Logging system initialized.
2026-04-27 17:49:33,414 - INFO - alembic.runtime.plugins - setup plugin alembic.autogenerate.schemas
2026-04-27 17:49:33,415 - INFO - alembic.runtime.plugins - setup plugin alembic.autogenerate.tables
2026-04-27 17:49:33,415 - INFO - alembic.runtime.plugins - setup plugin alembic.autogenerate.types
2026-04-27 17:49:33,416 - INFO - alembic.runtime.plugins - setup plugin alembic.autogenerate.constraints
2026-04-27 17:49:33,417 - INFO - alembic.runtime.plugins - setup plugin alembic.autogenerate.defaults
2026-04-27 17:49:33,418 - INFO - alembic.runtime.plugins - setup plugin alembic.autogenerate.comments
2026-04-27 17:50:43,867 - INFO - root - Logging system initialized.
2026-04-27 17:50:44,969 - INFO - alembic.runtime.plugins - setup plugin alembic.autogenerate.schemas
2026-04-27 17:50:44,970 - INFO - alembic.runtime.plugins - setup plugin alembic.autogenerate.tables
2026-04-27 17:50:44,970 - INFO - alembic.runtime.plugins - setup plugin alembic.autogenerate.types
2026-04-27 17:50:44,970 - INFO - alembic.runtime.plugins - setup plugin alembic.autogenerate.constraints
2026-04-27 17:50:44,972 - INFO - alembic.runtime.plugins - setup plugin alembic.autogenerate.defaults
2026-04-27 17:50:44,973 - INFO - alembic.runtime.plugins - setup plugin alembic.autogenerate.comments
2026-04-27 17:50:53,162 - INFO - root - Logging system initialized.
2026-04-27 17:50:54,315 - INFO - alembic.runtime.plugins - setup plugin alembic.autogenerate.schemas
2026-04-27 17:50:54,315 - INFO - alembic.runtime.plugins - setup plugin alembic.autogenerate.tables
2026-04-27 17:50:54,315 - INFO - alembic.runtime.plugins - setup plugin alembic.autogenerate.types
2026-04-27 17:50:54,316 - INFO - alembic.runtime.plugins - setup plugin alembic.autogenerate.constraints
2026-04-27 17:50:54,317 - INFO - alembic.runtime.plugins - setup plugin alembic.autogenerate.defaults
2026-04-27 17:50:54,318 - INFO - alembic.runtime.plugins - setup plugin alembic.autogenerate.comments
2026-04-27 17:51:13,254 - INFO - root - Logging system initialized.
2026-04-27 17:51:15,225 - INFO - alembic.runtime.plugins - setup plugin alembic.autogenerate.schemas
2026-04-27 17:51:15,229 - INFO - alembic.runtime.plugins - setup plugin alembic.autogenerate.tables
2026-04-27 17:51:15,229 - INFO - alembic.runtime.plugins - setup plugin alembic.autogenerate.types
2026-04-27 17:51:15,231 - INFO - alembic.runtime.plugins - setup plugin alembic.autogenerate.constraints
2026-04-27 17:51:15,232 - INFO - alembic.runtime.plugins - setup plugin alembic.autogenerate.defaults
2026-04-27 17:51:15,233 - INFO - alembic.runtime.plugins - setup plugin alembic.autogenerate.comments
2026-04-27 17:56:33,388 - INFO - root - Logging system initialized.
2026-04-27 17:56:34,508 - INFO - alembic.runtime.plugins - setup plugin alembic.autogenerate.schemas
2026-04-27 17:56:34,508 - INFO - alembic.runtime.plugins - setup plugin alembic.autogenerate.tables
2026-04-27 17:56:34,509 - INFO - alembic.runtime.plugins - setup plugin alembic.autogenerate.types
2026-04-27 17:56:34,509 - INFO - alembic.runtime.plugins - setup plugin alembic.autogenerate.constraints
2026-04-27 17:56:34,511 - INFO - alembic.runtime.plugins - setup plugin alembic.autogenerate.defaults
2026-04-27 17:56:34,512 - INFO - alembic.runtime.plugins - setup plugin alembic.autogenerate.comments
2026-04-27 17:57:24,842 - INFO - root - Logging system initialized.
2026-04-27 17:57:25,210 - INFO - alembic.runtime.plugins - setup plugin alembic.autogenerate.schemas
2026-04-27 17:57:25,210 - INFO - alembic.runtime.plugins - setup plugin alembic.autogenerate.tables
2026-04-27 17:57:25,210 - INFO - alembic.runtime.plugins - setup plugin alembic.autogenerate.types
2026-04-27 17:57:25,210 - INFO - alembic.runtime.plugins - setup plugin alembic.autogenerate.constraints
2026-04-27 17:57:25,210 - INFO - alembic.runtime.plugins - setup plugin alembic.autogenerate.defaults
2026-04-27 17:57:25,210 - INFO - alembic.runtime.plugins - setup plugin alembic.autogenerate.comments
2026-04-27 17:57:26,622 - WARNING - app.errors - HTTP 404: Not Found
2026-04-27 17:57:26,642 - ERROR - app.errors - Unhandled Exception: 'None' has no attribute 'role'
Traceback (most recent call last):
  File "C:\Users\xxx\AppData\Local\Programs\Python\Python314\Lib\site-packages\starlette\_exception_handler.py", line 42, in wrapped_app
    await app(scope, receive, sender)
  File "C:\Users\xxx\AppData\Local\Programs\Python\Python314\Lib\site-packages\fastapi\routing.py", line 104, in app
    response = await f(request)
               ^^^^^^^^^^^^^^^^
  File "C:\Users\xxx\AppData\Local\Programs\Python\Python314\Lib\site-packages\fastapi\routing.py", line 428, in app
    raw_response = await run_endpoint_function(
                   ^^^^^^^^^^^^^^^^^^^^^^^^^^^^
    ...<3 lines>...
    )
    ^
  File "C:\Users\xxx\AppData\Local\Programs\Python\Python314\Lib\site-packages\fastapi\routing.py", line 314, in run_endpoint_function
    return await dependant.call(**values)
           ^^^^^^^^^^^^^^^^^^^^^^^^^^^^^^
  File "C:\Users\xxx\crm-portal\tests\test_errors.py", line 13, in trigger_404
    raise HTTPException(status_code=404, detail="Not Found")
fastapi.exceptions.HTTPException: 404: Not Found

During handling of the above exception, another exception occurred:

Traceback (most recent call last):
  File "C:\Users\xxx\AppData\Local\Programs\Python\Python314\Lib\site-packages\starlette\middleware\errors.py", line 164, in __call__
    await self.app(scope, receive, _send)
  File "C:\Users\xxx\AppData\Local\Programs\Python\Python314\Lib\site-packages\starlette\middleware\exceptions.py", line 63, in __call__
    await wrap_app_handling_exceptions(self.app, conn)(scope, receive, send)
  File "C:\Users\xxx\AppData\Local\Programs\Python\Python314\Lib\site-packages\starlette\_exception_handler.py", line 53, in wrapped_app
    raise exc
  File "C:\Users\xxx\AppData\Local\Programs\Python\Python314\Lib\site-packages\starlette\_exception_handler.py", line 42, in wrapped_app
    await app(scope, receive, sender)
  File "C:\Users\xxx\AppData\Local\Programs\Python\Python314\Lib\site-packages\fastapi\middleware\asyncexitstack.py", line 18, in __call__
    await self.app(scope, receive, send)
  File "C:\Users\xxx\AppData\Local\Programs\Python\Python314\Lib\site-packages\starlette\routing.py", line 716, in __call__
    await self.middleware_stack(scope, receive, send)
  File "C:\Users\xxx\AppData\Local\Programs\Python\Python314\Lib\site-packages\starlette\routing.py", line 736, in app
    await route.handle(scope, receive, send)
  File "C:\Users\xxx\AppData\Local\Programs\Python\Python314\Lib\site-packages\starlette\routing.py", line 290, in handle
    await self.app(scope, receive, send)
  File "C:\Users\xxx\AppData\Local\Programs\Python\Python314\Lib\site-packages\fastapi\routing.py", line 118, in app
    await wrap_app_handling_exceptions(app, request)(scope, receive, send)
  File "C:\Users\xxx\AppData\Local\Programs\Python\Python314\Lib\site-packages\starlette\_exception_handler.py", line 59, in wrapped_app
    response = await handler(conn, exc)
               ^^^^^^^^^^^^^^^^^^^^^^^^
  File "C:\Users\xxx\crm-portal\app\errors.py", line 35, in http_exception_handler
    return render(request, template, {"detail": exc.detail, "status_code": exc.status_code}, status_code=exc.status_code)
  File "C:\Users\xxx\crm-portal\app\templating.py", line 55, in render
    resp = templates.TemplateResponse(request, name, ctx)
  File "C:\Users\xxx\AppData\Local\Programs\Python\Python314\Lib\site-packages\starlette\templating.py", line 210, in TemplateResponse
    return _TemplateResponse(
        template,
    ...<4 lines>...
        background=background,
    )
  File "C:\Users\xxx\AppData\Local\Programs\Python\Python314\Lib\site-packages\starlette\templating.py", line 41, in __init__
    content = template.render(context)
  File "C:\Users\xxx\AppData\Local\Programs\Python\Python314\Lib\site-packages\jinja2\environment.py", line 1295, in render
    self.environment.handle_exception()
    ~~~~~~~~~~~~~~~~~~~~~~~~~~~~~~~~~^^
  File "C:\Users\xxx\AppData\Local\Programs\Python\Python314\Lib\site-packages\jinja2\environment.py", line 942, in handle_exception
    raise rewrite_traceback_stack(source=source)
  File "C:\Users\xxx\crm-portal\templates\errors\404.html", line 1, in top-level template code
    {% extends "base.html" %}
  File "C:\Users\xxx\crm-portal\templates\base.html", line 69, in top-level template code
    <p class="text-[9px] text-muted-foreground uppercase leading-none">{{ portal_user.role.value }}</p>
    ^^^^^^^^^^^^^
  File "C:\Users\xxx\AppData\Local\Programs\Python\Python314\Lib\site-packages\jinja2\environment.py", line 490, in getattr
    return getattr(obj, attribute)
jinja2.exceptions.UndefinedError: 'None' has no attribute 'role'
2026-04-27 17:57:27,562 - WARNING - app.errors - HTTP 400: HTMX Error
2026-04-27 17:57:27,563 - INFO - httpx - HTTP Request: GET http://testserver/trigger-htmx "HTTP/1.1 400 Bad Request"
2026-04-27 17:58:13,950 - INFO - root - Logging system initialized.
2026-04-27 17:58:15,819 - INFO - alembic.runtime.plugins - setup plugin alembic.autogenerate.schemas
2026-04-27 17:58:15,820 - INFO - alembic.runtime.plugins - setup plugin alembic.autogenerate.tables
2026-04-27 17:58:15,822 - INFO - alembic.runtime.plugins - setup plugin alembic.autogenerate.types
2026-04-27 17:58:15,824 - INFO - alembic.runtime.plugins - setup plugin alembic.autogenerate.constraints
2026-04-27 17:58:15,825 - INFO - alembic.runtime.plugins - setup plugin alembic.autogenerate.defaults
2026-04-27 17:58:15,826 - INFO - alembic.runtime.plugins - setup plugin alembic.autogenerate.comments
2026-04-27 18:00:05,660 - INFO - root - Logging system initialized.
2026-04-27 18:00:06,043 - INFO - alembic.runtime.plugins - setup plugin alembic.autogenerate.schemas
2026-04-27 18:00:06,043 - INFO - alembic.runtime.plugins - setup plugin alembic.autogenerate.tables
2026-04-27 18:00:06,043 - INFO - alembic.runtime.plugins - setup plugin alembic.autogenerate.types
2026-04-27 18:00:06,043 - INFO - alembic.runtime.plugins - setup plugin alembic.autogenerate.constraints
2026-04-27 18:00:06,043 - INFO - alembic.runtime.plugins - setup plugin alembic.autogenerate.defaults
2026-04-27 18:00:06,043 - INFO - alembic.runtime.plugins - setup plugin alembic.autogenerate.comments
2026-04-27 18:00:07,563 - WARNING - app.errors - HTTP 404: Not Found
2026-04-27 18:00:07,649 - INFO - httpx - HTTP Request: GET http://testserver/trigger-404 "HTTP/1.1 404 Not Found"
2026-04-27 18:00:07,654 - ERROR - app.errors - Unhandled Exception: Unhandled
Traceback (most recent call last):
  File "C:\Users\xxx\AppData\Local\Programs\Python\Python314\Lib\site-packages\starlette\middleware\errors.py", line 164, in __call__
    await self.app(scope, receive, _send)
  File "C:\Users\xxx\AppData\Local\Programs\Python\Python314\Lib\site-packages\starlette\middleware\exceptions.py", line 63, in __call__
    await wrap_app_handling_exceptions(self.app, conn)(scope, receive, send)
  File "C:\Users\xxx\AppData\Local\Programs\Python\Python314\Lib\site-packages\starlette\_exception_handler.py", line 53, in wrapped_app
    raise exc
  File "C:\Users\xxx\AppData\Local\Programs\Python\Python314\Lib\site-packages\starlette\_exception_handler.py", line 42, in wrapped_app
    await app(scope, receive, sender)
  File "C:\Users\xxx\AppData\Local\Programs\Python\Python314\Lib\site-packages\fastapi\middleware\asyncexitstack.py", line 18, in __call__
    await self.app(scope, receive, send)
  File "C:\Users\xxx\AppData\Local\Programs\Python\Python314\Lib\site-packages\starlette\routing.py", line 716, in __call__
    await self.middleware_stack(scope, receive, send)
  File "C:\Users\xxx\AppData\Local\Programs\Python\Python314\Lib\site-packages\starlette\routing.py", line 736, in app
    await route.handle(scope, receive, send)
  File "C:\Users\xxx\AppData\Local\Programs\Python\Python314\Lib\site-packages\starlette\routing.py", line 290, in handle
    await self.app(scope, receive, send)
  File "C:\Users\xxx\AppData\Local\Programs\Python\Python314\Lib\site-packages\fastapi\routing.py", line 118, in app
    await wrap_app_handling_exceptions(app, request)(scope, receive, send)
  File "C:\Users\xxx\AppData\Local\Programs\Python\Python314\Lib\site-packages\starlette\_exception_handler.py", line 53, in wrapped_app
    raise exc
  File "C:\Users\xxx\AppData\Local\Programs\Python\Python314\Lib\site-packages\starlette\_exception_handler.py", line 42, in wrapped_app
    await app(scope, receive, sender)
  File "C:\Users\xxx\AppData\Local\Programs\Python\Python314\Lib\site-packages\fastapi\routing.py", line 104, in app
    response = await f(request)
               ^^^^^^^^^^^^^^^^
  File "C:\Users\xxx\AppData\Local\Programs\Python\Python314\Lib\site-packages\fastapi\routing.py", line 428, in app
    raw_response = await run_endpoint_function(
                   ^^^^^^^^^^^^^^^^^^^^^^^^^^^^
    ...<3 lines>...
    )
    ^
  File "C:\Users\xxx\AppData\Local\Programs\Python\Python314\Lib\site-packages\fastapi\routing.py", line 314, in run_endpoint_function
    return await dependant.call(**values)
           ^^^^^^^^^^^^^^^^^^^^^^^^^^^^^^
  File "C:\Users\xxx\crm-portal\tests\test_errors.py", line 17, in trigger_500
    raise Exception("Unhandled")
Exception: Unhandled
2026-04-27 18:00:08,372 - WARNING - app.errors - HTTP 400: HTMX Error
2026-04-27 18:00:08,373 - INFO - httpx - HTTP Request: GET http://testserver/trigger-htmx "HTTP/1.1 400 Bad Request"
2026-04-27 18:00:37,150 - INFO - root - Logging system initialized.
2026-04-27 18:00:38,368 - INFO - alembic.runtime.plugins - setup plugin alembic.autogenerate.schemas
2026-04-27 18:00:38,369 - INFO - alembic.runtime.plugins - setup plugin alembic.autogenerate.tables
2026-04-27 18:00:38,369 - INFO - alembic.runtime.plugins - setup plugin alembic.autogenerate.types
2026-04-27 18:00:38,369 - INFO - alembic.runtime.plugins - setup plugin alembic.autogenerate.constraints
2026-04-27 18:00:38,370 - INFO - alembic.runtime.plugins - setup plugin alembic.autogenerate.defaults
2026-04-27 18:00:38,371 - INFO - alembic.runtime.plugins - setup plugin alembic.autogenerate.comments
2026-04-27 18:00:58,218 - INFO - root - Logging system initialized.
2026-04-27 18:00:58,580 - INFO - alembic.runtime.plugins - setup plugin alembic.autogenerate.schemas
2026-04-27 18:00:58,580 - INFO - alembic.runtime.plugins - setup plugin alembic.autogenerate.tables
2026-04-27 18:00:58,580 - INFO - alembic.runtime.plugins - setup plugin alembic.autogenerate.types
2026-04-27 18:00:58,580 - INFO - alembic.runtime.plugins - setup plugin alembic.autogenerate.constraints
2026-04-27 18:00:58,580 - INFO - alembic.runtime.plugins - setup plugin alembic.autogenerate.defaults
2026-04-27 18:00:58,580 - INFO - alembic.runtime.plugins - setup plugin alembic.autogenerate.comments
2026-04-27 18:01:00,085 - WARNING - app.errors - HTTP 404: Not Found
2026-04-27 18:01:00,097 - INFO - httpx - HTTP Request: GET http://testserver/trigger-404 "HTTP/1.1 404 Not Found"
2026-04-27 18:01:00,099 - ERROR - app.errors - Unhandled Exception: Unhandled
Traceback (most recent call last):
  File "C:\Users\xxx\AppData\Local\Programs\Python\Python314\Lib\site-packages\starlette\middleware\errors.py", line 164, in __call__
    await self.app(scope, receive, _send)
  File "C:\Users\xxx\AppData\Local\Programs\Python\Python314\Lib\site-packages\starlette\middleware\exceptions.py", line 63, in __call__
    await wrap_app_handling_exceptions(self.app, conn)(scope, receive, send)
  File "C:\Users\xxx\AppData\Local\Programs\Python\Python314\Lib\site-packages\starlette\_exception_handler.py", line 53, in wrapped_app
    raise exc
  File "C:\Users\xxx\AppData\Local\Programs\Python\Python314\Lib\site-packages\starlette\_exception_handler.py", line 42, in wrapped_app
    await app(scope, receive, sender)
  File "C:\Users\xxx\AppData\Local\Programs\Python\Python314\Lib\site-packages\fastapi\middleware\asyncexitstack.py", line 18, in __call__
    await self.app(scope, receive, send)
  File "C:\Users\xxx\AppData\Local\Programs\Python\Python314\Lib\site-packages\starlette\routing.py", line 716, in __call__
    await self.middleware_stack(scope, receive, send)
  File "C:\Users\xxx\AppData\Local\Programs\Python\Python314\Lib\site-packages\starlette\routing.py", line 736, in app
    await route.handle(scope, receive, send)
  File "C:\Users\xxx\AppData\Local\Programs\Python\Python314\Lib\site-packages\starlette\routing.py", line 290, in handle
    await self.app(scope, receive, send)
  File "C:\Users\xxx\AppData\Local\Programs\Python\Python314\Lib\site-packages\fastapi\routing.py", line 118, in app
    await wrap_app_handling_exceptions(app, request)(scope, receive, send)
  File "C:\Users\xxx\AppData\Local\Programs\Python\Python314\Lib\site-packages\starlette\_exception_handler.py", line 53, in wrapped_app
    raise exc
  File "C:\Users\xxx\AppData\Local\Programs\Python\Python314\Lib\site-packages\starlette\_exception_handler.py", line 42, in wrapped_app
    await app(scope, receive, sender)
  File "C:\Users\xxx\AppData\Local\Programs\Python\Python314\Lib\site-packages\fastapi\routing.py", line 104, in app
    response = await f(request)
               ^^^^^^^^^^^^^^^^
  File "C:\Users\xxx\AppData\Local\Programs\Python\Python314\Lib\site-packages\fastapi\routing.py", line 428, in app
    raw_response = await run_endpoint_function(
                   ^^^^^^^^^^^^^^^^^^^^^^^^^^^^
    ...<3 lines>...
    )
    ^
  File "C:\Users\xxx\AppData\Local\Programs\Python\Python314\Lib\site-packages\fastapi\routing.py", line 314, in run_endpoint_function
    return await dependant.call(**values)
           ^^^^^^^^^^^^^^^^^^^^^^^^^^^^^^
  File "C:\Users\xxx\crm-portal\tests\test_errors.py", line 17, in trigger_500
    raise Exception("Unhandled")
Exception: Unhandled
2026-04-27 18:01:00,111 - INFO - httpx - HTTP Request: GET http://testserver/trigger-500 "HTTP/1.1 500 Internal Server Error"
2026-04-27 18:01:00,113 - ERROR - app.errors - Database Error: DB Fail
Traceback (most recent call last):
  File "C:\Users\xxx\AppData\Local\Programs\Python\Python314\Lib\site-packages\starlette\_exception_handler.py", line 42, in wrapped_app
    await app(scope, receive, sender)
  File "C:\Users\xxx\AppData\Local\Programs\Python\Python314\Lib\site-packages\fastapi\routing.py", line 104, in app
    response = await f(request)
               ^^^^^^^^^^^^^^^^
  File "C:\Users\xxx\AppData\Local\Programs\Python\Python314\Lib\site-packages\fastapi\routing.py", line 428, in app
    raw_response = await run_endpoint_function(
                   ^^^^^^^^^^^^^^^^^^^^^^^^^^^^
    ...<3 lines>...
    )
    ^
  File "C:\Users\xxx\AppData\Local\Programs\Python\Python314\Lib\site-packages\fastapi\routing.py", line 314, in run_endpoint_function
    return await dependant.call(**values)
           ^^^^^^^^^^^^^^^^^^^^^^^^^^^^^^
  File "C:\Users\xxx\crm-portal\tests\test_errors.py", line 21, in trigger_db
    raise SQLAlchemyError("DB Fail")
sqlalchemy.exc.SQLAlchemyError: DB Fail
2026-04-27 18:01:00,117 - INFO - httpx - HTTP Request: GET http://testserver/trigger-db "HTTP/1.1 500 Internal Server Error"
2026-04-27 18:01:00,122 - WARNING - app.errors - HTTP 400: HTMX Error
2026-04-27 18:01:00,123 - INFO - httpx - HTTP Request: GET http://testserver/trigger-htmx "HTTP/1.1 400 Bad Request"
2026-04-27 18:49:29,522 - INFO - root - Logging system initialized.
2026-04-27 18:49:30,705 - INFO - alembic.runtime.plugins - setup plugin alembic.autogenerate.schemas
2026-04-27 18:49:30,706 - INFO - alembic.runtime.plugins - setup plugin alembic.autogenerate.tables
2026-04-27 18:49:30,706 - INFO - alembic.runtime.plugins - setup plugin alembic.autogenerate.types
2026-04-27 18:49:30,707 - INFO - alembic.runtime.plugins - setup plugin alembic.autogenerate.constraints
2026-04-27 18:49:30,707 - INFO - alembic.runtime.plugins - setup plugin alembic.autogenerate.defaults
2026-04-27 18:49:30,709 - INFO - alembic.runtime.plugins - setup plugin alembic.autogenerate.comments
2026-04-27 18:50:05,012 - INFO - root - Logging system initialized.
2026-04-27 18:50:05,356 - INFO - alembic.runtime.plugins - setup plugin alembic.autogenerate.schemas
2026-04-27 18:50:05,356 - INFO - alembic.runtime.plugins - setup plugin alembic.autogenerate.tables
2026-04-27 18:50:05,356 - INFO - alembic.runtime.plugins - setup plugin alembic.autogenerate.types
2026-04-27 18:50:05,356 - INFO - alembic.runtime.plugins - setup plugin alembic.autogenerate.constraints
2026-04-27 18:50:05,356 - INFO - alembic.runtime.plugins - setup plugin alembic.autogenerate.defaults
2026-04-27 18:50:05,356 - INFO - alembic.runtime.plugins - setup plugin alembic.autogenerate.comments
2026-04-27 18:50:07,268 - INFO - app.middleware - Incoming: POST /login (User: Anonymous)
2026-04-27 18:50:07,602 - INFO - app.middleware - Completed: POST /login Status: 302 Time: 333.78ms
2026-04-27 18:50:07,604 - INFO - httpx - HTTP Request: POST http://testserver/login "HTTP/1.1 302 Found"
2026-04-27 18:50:07,612 - INFO - app.middleware - Incoming: GET / (User: admin)
2026-04-27 18:50:07,645 - INFO - app.middleware - Completed: GET / Status: 200 Time: 33.18ms
2026-04-27 18:50:07,647 - INFO - httpx - HTTP Request: GET http://testserver/ "HTTP/1.1 200 OK"
2026-04-27 18:50:07,659 - INFO - app.middleware - Incoming: GET /customer-devices/1/edit (User: admin)
2026-04-27 18:50:07,700 - INFO - app.middleware - Completed: GET /customer-devices/1/edit Status: 200 Time: 40.43ms
2026-04-27 18:50:07,701 - INFO - httpx - HTTP Request: GET http://testserver/customer-devices/1/edit "HTTP/1.1 200 OK"
2026-04-27 18:50:44,331 - INFO - root - Logging system initialized.
2026-04-27 18:50:44,671 - INFO - alembic.runtime.plugins - setup plugin alembic.autogenerate.schemas
2026-04-27 18:50:44,671 - INFO - alembic.runtime.plugins - setup plugin alembic.autogenerate.tables
2026-04-27 18:50:44,671 - INFO - alembic.runtime.plugins - setup plugin alembic.autogenerate.types
2026-04-27 18:50:44,671 - INFO - alembic.runtime.plugins - setup plugin alembic.autogenerate.constraints
2026-04-27 18:50:44,672 - INFO - alembic.runtime.plugins - setup plugin alembic.autogenerate.defaults
2026-04-27 18:50:44,672 - INFO - alembic.runtime.plugins - setup plugin alembic.autogenerate.comments
2026-04-27 18:50:46,541 - INFO - app.middleware - Incoming: POST /login (User: Anonymous)
2026-04-27 18:50:46,876 - INFO - app.middleware - Completed: POST /login Status: 302 Time: 334.30ms
2026-04-27 18:50:46,878 - INFO - httpx - HTTP Request: POST http://testserver/login "HTTP/1.1 302 Found"
2026-04-27 18:50:46,886 - INFO - app.middleware - Incoming: GET / (User: admin)
2026-04-27 18:50:46,916 - INFO - app.middleware - Completed: GET / Status: 200 Time: 29.95ms
2026-04-27 18:50:46,918 - INFO - httpx - HTTP Request: GET http://testserver/ "HTTP/1.1 200 OK"
2026-04-27 18:50:46,930 - INFO - app.middleware - Incoming: GET /customer-devices/1/edit (User: admin)
2026-04-27 18:50:46,983 - INFO - app.middleware - Completed: GET /customer-devices/1/edit Status: 200 Time: 52.95ms
2026-04-27 18:50:46,985 - INFO - httpx - HTTP Request: GET http://testserver/customer-devices/1/edit "HTTP/1.1 200 OK"
2026-04-27 18:52:26,323 - INFO - root - Logging system initialized.
2026-04-27 18:52:26,663 - INFO - alembic.runtime.plugins - setup plugin alembic.autogenerate.schemas
2026-04-27 18:52:26,663 - INFO - alembic.runtime.plugins - setup plugin alembic.autogenerate.tables
2026-04-27 18:52:26,663 - INFO - alembic.runtime.plugins - setup plugin alembic.autogenerate.types
2026-04-27 18:52:26,663 - INFO - alembic.runtime.plugins - setup plugin alembic.autogenerate.constraints
2026-04-27 18:52:26,663 - INFO - alembic.runtime.plugins - setup plugin alembic.autogenerate.defaults
2026-04-27 18:52:26,663 - INFO - alembic.runtime.plugins - setup plugin alembic.autogenerate.comments
2026-04-27 18:52:28,579 - INFO - app.middleware - Incoming: POST /login (User: Anonymous)
2026-04-27 18:52:28,924 - INFO - app.middleware - Completed: POST /login Status: 302 Time: 344.88ms
2026-04-27 18:52:28,926 - INFO - httpx - HTTP Request: POST http://testserver/login "HTTP/1.1 302 Found"
2026-04-27 18:52:28,934 - INFO - app.middleware - Incoming: GET / (User: admin)
2026-04-27 18:52:28,960 - INFO - app.middleware - Completed: GET / Status: 200 Time: 25.92ms
2026-04-27 18:52:28,962 - INFO - httpx - HTTP Request: GET http://testserver/ "HTTP/1.1 200 OK"
2026-04-27 18:52:28,975 - INFO - app.middleware - Incoming: GET /customer-devices/1/edit (User: admin)
2026-04-27 18:52:29,016 - INFO - app.middleware - Completed: GET /customer-devices/1/edit Status: 200 Time: 41.38ms
2026-04-27 18:52:29,018 - INFO - httpx - HTTP Request: GET http://testserver/customer-devices/1/edit "HTTP/1.1 200 OK"
2026-04-27 18:53:41,735 - INFO - root - Logging system initialized.
2026-04-27 18:53:42,651 - INFO - alembic.runtime.plugins - setup plugin alembic.autogenerate.schemas
2026-04-27 18:53:42,651 - INFO - alembic.runtime.plugins - setup plugin alembic.autogenerate.tables
2026-04-27 18:53:42,651 - INFO - alembic.runtime.plugins - setup plugin alembic.autogenerate.types
2026-04-27 18:53:42,652 - INFO - alembic.runtime.plugins - setup plugin alembic.autogenerate.constraints
2026-04-27 18:53:42,653 - INFO - alembic.runtime.plugins - setup plugin alembic.autogenerate.defaults
2026-04-27 18:53:42,654 - INFO - alembic.runtime.plugins - setup plugin alembic.autogenerate.comments
2026-04-27 18:55:26,128 - INFO - root - Logging system initialized.
2026-04-27 18:55:27,497 - INFO - root - Logging system initialized.
2026-04-27 18:55:28,128 - INFO - root - Logging system initialized.
2026-04-27 18:55:29,206 - INFO - alembic.runtime.plugins - setup plugin alembic.autogenerate.schemas
2026-04-27 18:55:29,207 - INFO - alembic.runtime.plugins - setup plugin alembic.autogenerate.tables
2026-04-27 18:55:29,207 - INFO - alembic.runtime.plugins - setup plugin alembic.autogenerate.types
2026-04-27 18:55:29,207 - INFO - alembic.runtime.plugins - setup plugin alembic.autogenerate.constraints
2026-04-27 18:55:29,208 - INFO - alembic.runtime.plugins - setup plugin alembic.autogenerate.defaults
2026-04-27 18:55:29,209 - INFO - alembic.runtime.plugins - setup plugin alembic.autogenerate.comments
2026-04-27 18:59:23,921 - INFO - root - Logging system initialized.
2026-04-27 18:59:24,985 - INFO - alembic.runtime.plugins - setup plugin alembic.autogenerate.schemas
2026-04-27 18:59:24,985 - INFO - alembic.runtime.plugins - setup plugin alembic.autogenerate.tables
2026-04-27 18:59:24,986 - INFO - alembic.runtime.plugins - setup plugin alembic.autogenerate.types
2026-04-27 18:59:24,986 - INFO - alembic.runtime.plugins - setup plugin alembic.autogenerate.constraints
2026-04-27 18:59:24,986 - INFO - alembic.runtime.plugins - setup plugin alembic.autogenerate.defaults
2026-04-27 18:59:24,986 - INFO - alembic.runtime.plugins - setup plugin alembic.autogenerate.comments
2026-04-27 18:59:34,317 - INFO - root - Logging system initialized.
2026-04-27 18:59:35,240 - INFO - alembic.runtime.plugins - setup plugin alembic.autogenerate.schemas
2026-04-27 18:59:35,240 - INFO - alembic.runtime.plugins - setup plugin alembic.autogenerate.tables
2026-04-27 18:59:35,240 - INFO - alembic.runtime.plugins - setup plugin alembic.autogenerate.types
2026-04-27 18:59:35,241 - INFO - alembic.runtime.plugins - setup plugin alembic.autogenerate.constraints
2026-04-27 18:59:35,241 - INFO - alembic.runtime.plugins - setup plugin alembic.autogenerate.defaults
2026-04-27 18:59:35,241 - INFO - alembic.runtime.plugins - setup plugin alembic.autogenerate.comments
2026-04-27 18:59:43,443 - INFO - root - Logging system initialized.
2026-04-27 18:59:43,759 - INFO - alembic.runtime.plugins - setup plugin alembic.autogenerate.schemas
2026-04-27 18:59:43,759 - INFO - alembic.runtime.plugins - setup plugin alembic.autogenerate.tables
2026-04-27 18:59:43,759 - INFO - alembic.runtime.plugins - setup plugin alembic.autogenerate.types
2026-04-27 18:59:43,759 - INFO - alembic.runtime.plugins - setup plugin alembic.autogenerate.constraints
2026-04-27 18:59:43,759 - INFO - alembic.runtime.plugins - setup plugin alembic.autogenerate.defaults
2026-04-27 18:59:43,759 - INFO - alembic.runtime.plugins - setup plugin alembic.autogenerate.comments
2026-04-27 19:00:10,857 - INFO - root - Logging system initialized.
2026-04-27 19:00:11,872 - INFO - alembic.runtime.plugins - setup plugin alembic.autogenerate.schemas
2026-04-27 19:00:11,873 - INFO - alembic.runtime.plugins - setup plugin alembic.autogenerate.tables
2026-04-27 19:00:11,873 - INFO - alembic.runtime.plugins - setup plugin alembic.autogenerate.types
2026-04-27 19:00:11,874 - INFO - alembic.runtime.plugins - setup plugin alembic.autogenerate.constraints
2026-04-27 19:00:11,874 - INFO - alembic.runtime.plugins - setup plugin alembic.autogenerate.defaults
2026-04-27 19:00:11,875 - INFO - alembic.runtime.plugins - setup plugin alembic.autogenerate.comments
2026-04-27 19:00:18,699 - INFO - root - Logging system initialized.
2026-04-27 19:00:19,039 - INFO - alembic.runtime.plugins - setup plugin alembic.autogenerate.schemas
2026-04-27 19:00:19,039 - INFO - alembic.runtime.plugins - setup plugin alembic.autogenerate.tables
2026-04-27 19:00:19,039 - INFO - alembic.runtime.plugins - setup plugin alembic.autogenerate.types
2026-04-27 19:00:19,039 - INFO - alembic.runtime.plugins - setup plugin alembic.autogenerate.constraints
2026-04-27 19:00:19,039 - INFO - alembic.runtime.plugins - setup plugin alembic.autogenerate.defaults
2026-04-27 19:00:19,039 - INFO - alembic.runtime.plugins - setup plugin alembic.autogenerate.comments
2026-04-27 19:00:35,113 - INFO - root - Logging system initialized.
2026-04-27 19:00:36,099 - INFO - alembic.runtime.plugins - setup plugin alembic.autogenerate.schemas
2026-04-27 19:00:36,100 - INFO - alembic.runtime.plugins - setup plugin alembic.autogenerate.tables
2026-04-27 19:00:36,100 - INFO - alembic.runtime.plugins - setup plugin alembic.autogenerate.types
2026-04-27 19:00:36,102 - INFO - alembic.runtime.plugins - setup plugin alembic.autogenerate.constraints
2026-04-27 19:00:36,103 - INFO - alembic.runtime.plugins - setup plugin alembic.autogenerate.defaults
2026-04-27 19:00:36,104 - INFO - alembic.runtime.plugins - setup plugin alembic.autogenerate.comments
2026-04-27 19:00:45,675 - INFO - root - Logging system initialized.
2026-04-27 19:00:46,022 - INFO - alembic.runtime.plugins - setup plugin alembic.autogenerate.schemas
2026-04-27 19:00:46,022 - INFO - alembic.runtime.plugins - setup plugin alembic.autogenerate.tables
2026-04-27 19:00:46,022 - INFO - alembic.runtime.plugins - setup plugin alembic.autogenerate.types
2026-04-27 19:00:46,022 - INFO - alembic.runtime.plugins - setup plugin alembic.autogenerate.constraints
2026-04-27 19:00:46,023 - INFO - alembic.runtime.plugins - setup plugin alembic.autogenerate.defaults
2026-04-27 19:00:46,023 - INFO - alembic.runtime.plugins - setup plugin alembic.autogenerate.comments
2026-04-27 19:02:05,355 - INFO - root - Logging system initialized.
2026-04-27 19:02:05,693 - INFO - alembic.runtime.plugins - setup plugin alembic.autogenerate.schemas
2026-04-27 19:02:05,693 - INFO - alembic.runtime.plugins - setup plugin alembic.autogenerate.tables
2026-04-27 19:02:05,694 - INFO - alembic.runtime.plugins - setup plugin alembic.autogenerate.types
2026-04-27 19:02:05,694 - INFO - alembic.runtime.plugins - setup plugin alembic.autogenerate.constraints
2026-04-27 19:02:05,694 - INFO - alembic.runtime.plugins - setup plugin alembic.autogenerate.defaults
2026-04-27 19:02:05,694 - INFO - alembic.runtime.plugins - setup plugin alembic.autogenerate.comments
2026-04-27 19:05:54,568 - INFO - root - Logging system initialized.
2026-04-27 19:05:55,624 - INFO - alembic.runtime.plugins - setup plugin alembic.autogenerate.schemas
2026-04-27 19:05:55,625 - INFO - alembic.runtime.plugins - setup plugin alembic.autogenerate.tables
2026-04-27 19:05:55,625 - INFO - alembic.runtime.plugins - setup plugin alembic.autogenerate.types
2026-04-27 19:05:55,627 - INFO - alembic.runtime.plugins - setup plugin alembic.autogenerate.constraints
2026-04-27 19:05:55,628 - INFO - alembic.runtime.plugins - setup plugin alembic.autogenerate.defaults
2026-04-27 19:05:55,629 - INFO - alembic.runtime.plugins - setup plugin alembic.autogenerate.comments
2026-04-27 19:06:04,811 - INFO - root - Logging system initialized.
2026-04-27 19:06:07,012 - INFO - root - Logging system initialized.
2026-04-27 19:06:08,032 - INFO - alembic.runtime.plugins - setup plugin alembic.autogenerate.schemas
2026-04-27 19:06:08,033 - INFO - alembic.runtime.plugins - setup plugin alembic.autogenerate.tables
2026-04-27 19:06:08,033 - INFO - alembic.runtime.plugins - setup plugin alembic.autogenerate.types
2026-04-27 19:06:08,034 - INFO - alembic.runtime.plugins - setup plugin alembic.autogenerate.constraints
2026-04-27 19:06:08,036 - INFO - alembic.runtime.plugins - setup plugin alembic.autogenerate.defaults
2026-04-27 19:06:08,037 - INFO - alembic.runtime.plugins - setup plugin alembic.autogenerate.comments
2026-04-27 19:32:23,279 - INFO - root - Logging system initialized.
2026-04-27 19:32:24,355 - INFO - alembic.runtime.plugins - setup plugin alembic.autogenerate.schemas
2026-04-27 19:32:24,356 - INFO - alembic.runtime.plugins - setup plugin alembic.autogenerate.tables
2026-04-27 19:32:24,356 - INFO - alembic.runtime.plugins - setup plugin alembic.autogenerate.types
2026-04-27 19:32:24,357 - INFO - alembic.runtime.plugins - setup plugin alembic.autogenerate.constraints
2026-04-27 19:32:24,357 - INFO - alembic.runtime.plugins - setup plugin alembic.autogenerate.defaults
2026-04-27 19:32:24,358 - INFO - alembic.runtime.plugins - setup plugin alembic.autogenerate.comments
2026-04-27 19:35:58,132 - INFO - root - Logging system initialized.
2026-04-27 19:36:00,101 - INFO - alembic.runtime.plugins - setup plugin alembic.autogenerate.schemas
2026-04-27 19:36:00,106 - INFO - alembic.runtime.plugins - setup plugin alembic.autogenerate.tables
2026-04-27 19:36:00,109 - INFO - alembic.runtime.plugins - setup plugin alembic.autogenerate.types
2026-04-27 19:36:00,109 - INFO - alembic.runtime.plugins - setup plugin alembic.autogenerate.constraints
2026-04-27 19:36:00,110 - INFO - alembic.runtime.plugins - setup plugin alembic.autogenerate.defaults
2026-04-27 19:36:00,110 - INFO - alembic.runtime.plugins - setup plugin alembic.autogenerate.comments
2026-04-27 19:36:19,255 - INFO - root - Logging system initialized.
2026-04-27 19:36:21,337 - INFO - alembic.runtime.plugins - setup plugin alembic.autogenerate.schemas
2026-04-27 19:36:21,338 - INFO - alembic.runtime.plugins - setup plugin alembic.autogenerate.tables
2026-04-27 19:36:21,338 - INFO - alembic.runtime.plugins - setup plugin alembic.autogenerate.types
2026-04-27 19:36:21,338 - INFO - alembic.runtime.plugins - setup plugin alembic.autogenerate.constraints
2026-04-27 19:36:21,338 - INFO - alembic.runtime.plugins - setup plugin alembic.autogenerate.defaults
2026-04-27 19:36:21,339 - INFO - alembic.runtime.plugins - setup plugin alembic.autogenerate.comments
2026-04-27 19:41:45,135 - INFO - root - Logging system initialized.
2026-04-27 19:41:46,407 - INFO - alembic.runtime.plugins - setup plugin alembic.autogenerate.schemas
2026-04-27 19:41:46,408 - INFO - alembic.runtime.plugins - setup plugin alembic.autogenerate.tables
2026-04-27 19:41:46,408 - INFO - alembic.runtime.plugins - setup plugin alembic.autogenerate.types
2026-04-27 19:41:46,408 - INFO - alembic.runtime.plugins - setup plugin alembic.autogenerate.constraints
2026-04-27 19:41:46,409 - INFO - alembic.runtime.plugins - setup plugin alembic.autogenerate.defaults
2026-04-27 19:41:46,410 - INFO - alembic.runtime.plugins - setup plugin alembic.autogenerate.comments
2026-04-27 19:41:54,843 - INFO - root - Logging system initialized.
2026-04-27 19:41:55,659 - INFO - app.services.mikrotik - Mikrotik: Pobieranie dzierżaw DHCP z https://10.0.222.86:443/rest
2026-04-27 19:41:57,822 - ERROR - app.services.mikrotik - Mikrotik API error (get_leases): All connection attempts failed
Traceback (most recent call last):
  File "C:\Users\xxx\AppData\Local\Programs\Python\Python314\Lib\site-packages\httpx\_transports\default.py", line 101, in map_httpcore_exceptions
    yield
  File "C:\Users\xxx\AppData\Local\Programs\Python\Python314\Lib\site-packages\httpx\_transports\default.py", line 394, in handle_async_request
    resp = await self._pool.handle_async_request(req)
           ^^^^^^^^^^^^^^^^^^^^^^^^^^^^^^^^^^^^^^^^^^
  File "C:\Users\xxx\AppData\Local\Programs\Python\Python314\Lib\site-packages\httpcore\_async\connection_pool.py", line 256, in handle_async_request
    raise exc from None
  File "C:\Users\xxx\AppData\Local\Programs\Python\Python314\Lib\site-packages\httpcore\_async\connection_pool.py", line 236, in handle_async_request
    response = await connection.handle_async_request(
               ^^^^^^^^^^^^^^^^^^^^^^^^^^^^^^^^^^^^^^
        pool_request.request
        ^^^^^^^^^^^^^^^^^^^^
    )
    ^
  File "C:\Users\xxx\AppData\Local\Programs\Python\Python314\Lib\site-packages\httpcore\_async\connection.py", line 101, in handle_async_request
    raise exc
  File "C:\Users\xxx\AppData\Local\Programs\Python\Python314\Lib\site-packages\httpcore\_async\connection.py", line 78, in handle_async_request
    stream = await self._connect(request)
             ^^^^^^^^^^^^^^^^^^^^^^^^^^^^
  File "C:\Users\xxx\AppData\Local\Programs\Python\Python314\Lib\site-packages\httpcore\_async\connection.py", line 124, in _connect
    stream = await self._network_backend.connect_tcp(**kwargs)
             ^^^^^^^^^^^^^^^^^^^^^^^^^^^^^^^^^^^^^^^^^^^^^^^^^
  File "C:\Users\xxx\AppData\Local\Programs\Python\Python314\Lib\site-packages\httpcore\_backends\auto.py", line 31, in connect_tcp
    return await self._backend.connect_tcp(
           ^^^^^^^^^^^^^^^^^^^^^^^^^^^^^^^^
    ...<5 lines>...
    )
    ^
  File "C:\Users\xxx\AppData\Local\Programs\Python\Python314\Lib\site-packages\httpcore\_backends\anyio.py", line 113, in connect_tcp
    with map_exceptions(exc_map):
         ~~~~~~~~~~~~~~^^^^^^^^^
  File "C:\Users\xxx\AppData\Local\Programs\Python\Python314\Lib\contextlib.py", line 162, in __exit__
    self.gen.throw(value)
    ~~~~~~~~~~~~~~^^^^^^^
  File "C:\Users\xxx\AppData\Local\Programs\Python\Python314\Lib\site-packages\httpcore\_exceptions.py", line 14, in map_exceptions
    raise to_exc(exc) from exc
httpcore.ConnectError: All connection attempts failed

The above exception was the direct cause of the following exception:

Traceback (most recent call last):
  File "C:\Users\xxx\crm-portal\app\services\mikrotik.py", line 23, in get_leases
    resp = await client.get(f"{self.base_url}/ip/dhcp-server/lease")
           ^^^^^^^^^^^^^^^^^^^^^^^^^^^^^^^^^^^^^^^^^^^^^^^^^^^^^^^^^
  File "C:\Users\xxx\AppData\Local\Programs\Python\Python314\Lib\site-packages\httpx\_client.py", line 1768, in get
    return await self.request(
           ^^^^^^^^^^^^^^^^^^^
    ...<9 lines>...
    )
    ^
  File "C:\Users\xxx\AppData\Local\Programs\Python\Python314\Lib\site-packages\httpx\_client.py", line 1540, in request
    return await self.send(request, auth=auth, follow_redirects=follow_redirects)
           ^^^^^^^^^^^^^^^^^^^^^^^^^^^^^^^^^^^^^^^^^^^^^^^^^^^^^^^^^^^^^^^^^^^^^^
  File "C:\Users\xxx\AppData\Local\Programs\Python\Python314\Lib\site-packages\httpx\_client.py", line 1629, in send
    response = await self._send_handling_auth(
               ^^^^^^^^^^^^^^^^^^^^^^^^^^^^^^^
    ...<4 lines>...
    )
    ^
  File "C:\Users\xxx\AppData\Local\Programs\Python\Python314\Lib\site-packages\httpx\_client.py", line 1657, in _send_handling_auth
    response = await self._send_handling_redirects(
               ^^^^^^^^^^^^^^^^^^^^^^^^^^^^^^^^^^^^
    ...<3 lines>...
    )
    ^
  File "C:\Users\xxx\AppData\Local\Programs\Python\Python314\Lib\site-packages\httpx\_client.py", line 1694, in _send_handling_redirects
    response = await self._send_single_request(request)
               ^^^^^^^^^^^^^^^^^^^^^^^^^^^^^^^^^^^^^^^^
  File "C:\Users\xxx\AppData\Local\Programs\Python\Python314\Lib\site-packages\httpx\_client.py", line 1730, in _send_single_request
    response = await transport.handle_async_request(request)
               ^^^^^^^^^^^^^^^^^^^^^^^^^^^^^^^^^^^^^^^^^^^^^
  File "C:\Users\xxx\AppData\Local\Programs\Python\Python314\Lib\site-packages\httpx\_transports\default.py", line 393, in handle_async_request
    with map_httpcore_exceptions():
         ~~~~~~~~~~~~~~~~~~~~~~~^^
  File "C:\Users\xxx\AppData\Local\Programs\Python\Python314\Lib\contextlib.py", line 162, in __exit__
    self.gen.throw(value)
    ~~~~~~~~~~~~~~^^^^^^^
  File "C:\Users\xxx\AppData\Local\Programs\Python\Python314\Lib\site-packages\httpx\_transports\default.py", line 118, in map_httpcore_exceptions
    raise mapped_exc(message) from exc
httpx.ConnectError: All connection attempts failed
2026-04-27 19:42:10,795 - INFO - root - Logging system initialized.
2026-04-27 19:42:12,045 - INFO - alembic.runtime.plugins - setup plugin alembic.autogenerate.schemas
2026-04-27 19:42:12,046 - INFO - alembic.runtime.plugins - setup plugin alembic.autogenerate.tables
2026-04-27 19:42:12,046 - INFO - alembic.runtime.plugins - setup plugin alembic.autogenerate.types
2026-04-27 19:42:12,047 - INFO - alembic.runtime.plugins - setup plugin alembic.autogenerate.constraints
2026-04-27 19:42:12,048 - INFO - alembic.runtime.plugins - setup plugin alembic.autogenerate.defaults
2026-04-27 19:42:12,049 - INFO - alembic.runtime.plugins - setup plugin alembic.autogenerate.comments
2026-04-27 19:42:18,326 - INFO - root - Logging system initialized.
2026-04-27 19:42:19,102 - INFO - app.services.mikrotik - Mikrotik: Pobieranie dzierżaw DHCP z http://10.0.222.86/rest
2026-04-27 19:42:21,238 - ERROR - app.services.mikrotik - Mikrotik API error (get_leases): All connection attempts failed
Traceback (most recent call last):
  File "C:\Users\xxx\AppData\Local\Programs\Python\Python314\Lib\site-packages\httpx\_transports\default.py", line 101, in map_httpcore_exceptions
    yield
  File "C:\Users\xxx\AppData\Local\Programs\Python\Python314\Lib\site-packages\httpx\_transports\default.py", line 394, in handle_async_request
    resp = await self._pool.handle_async_request(req)
           ^^^^^^^^^^^^^^^^^^^^^^^^^^^^^^^^^^^^^^^^^^
  File "C:\Users\xxx\AppData\Local\Programs\Python\Python314\Lib\site-packages\httpcore\_async\connection_pool.py", line 256, in handle_async_request
    raise exc from None
  File "C:\Users\xxx\AppData\Local\Programs\Python\Python314\Lib\site-packages\httpcore\_async\connection_pool.py", line 236, in handle_async_request
    response = await connection.handle_async_request(
               ^^^^^^^^^^^^^^^^^^^^^^^^^^^^^^^^^^^^^^
        pool_request.request
        ^^^^^^^^^^^^^^^^^^^^
    )
    ^
  File "C:\Users\xxx\AppData\Local\Programs\Python\Python314\Lib\site-packages\httpcore\_async\connection.py", line 101, in handle_async_request
    raise exc
  File "C:\Users\xxx\AppData\Local\Programs\Python\Python314\Lib\site-packages\httpcore\_async\connection.py", line 78, in handle_async_request
    stream = await self._connect(request)
             ^^^^^^^^^^^^^^^^^^^^^^^^^^^^
  File "C:\Users\xxx\AppData\Local\Programs\Python\Python314\Lib\site-packages\httpcore\_async\connection.py", line 124, in _connect
    stream = await self._network_backend.connect_tcp(**kwargs)
             ^^^^^^^^^^^^^^^^^^^^^^^^^^^^^^^^^^^^^^^^^^^^^^^^^
  File "C:\Users\xxx\AppData\Local\Programs\Python\Python314\Lib\site-packages\httpcore\_backends\auto.py", line 31, in connect_tcp
    return await self._backend.connect_tcp(
           ^^^^^^^^^^^^^^^^^^^^^^^^^^^^^^^^
    ...<5 lines>...
    )
    ^
  File "C:\Users\xxx\AppData\Local\Programs\Python\Python314\Lib\site-packages\httpcore\_backends\anyio.py", line 113, in connect_tcp
    with map_exceptions(exc_map):
         ~~~~~~~~~~~~~~^^^^^^^^^
  File "C:\Users\xxx\AppData\Local\Programs\Python\Python314\Lib\contextlib.py", line 162, in __exit__
    self.gen.throw(value)
    ~~~~~~~~~~~~~~^^^^^^^
  File "C:\Users\xxx\AppData\Local\Programs\Python\Python314\Lib\site-packages\httpcore\_exceptions.py", line 14, in map_exceptions
    raise to_exc(exc) from exc
httpcore.ConnectError: All connection attempts failed

The above exception was the direct cause of the following exception:

Traceback (most recent call last):
  File "C:\Users\xxx\crm-portal\app\services\mikrotik.py", line 23, in get_leases
    resp = await client.get(f"{self.base_url}/ip/dhcp-server/lease")
           ^^^^^^^^^^^^^^^^^^^^^^^^^^^^^^^^^^^^^^^^^^^^^^^^^^^^^^^^^
  File "C:\Users\xxx\AppData\Local\Programs\Python\Python314\Lib\site-packages\httpx\_client.py", line 1768, in get
    return await self.request(
           ^^^^^^^^^^^^^^^^^^^
    ...<9 lines>...
    )
    ^
  File "C:\Users\xxx\AppData\Local\Programs\Python\Python314\Lib\site-packages\httpx\_client.py", line 1540, in request
    return await self.send(request, auth=auth, follow_redirects=follow_redirects)
           ^^^^^^^^^^^^^^^^^^^^^^^^^^^^^^^^^^^^^^^^^^^^^^^^^^^^^^^^^^^^^^^^^^^^^^
  File "C:\Users\xxx\AppData\Local\Programs\Python\Python314\Lib\site-packages\httpx\_client.py", line 1629, in send
    response = await self._send_handling_auth(
               ^^^^^^^^^^^^^^^^^^^^^^^^^^^^^^^
    ...<4 lines>...
    )
    ^
  File "C:\Users\xxx\AppData\Local\Programs\Python\Python314\Lib\site-packages\httpx\_client.py", line 1657, in _send_handling_auth
    response = await self._send_handling_redirects(
               ^^^^^^^^^^^^^^^^^^^^^^^^^^^^^^^^^^^^
    ...<3 lines>...
    )
    ^
  File "C:\Users\xxx\AppData\Local\Programs\Python\Python314\Lib\site-packages\httpx\_client.py", line 1694, in _send_handling_redirects
    response = await self._send_single_request(request)
               ^^^^^^^^^^^^^^^^^^^^^^^^^^^^^^^^^^^^^^^^
  File "C:\Users\xxx\AppData\Local\Programs\Python\Python314\Lib\site-packages\httpx\_client.py", line 1730, in _send_single_request
    response = await transport.handle_async_request(request)
               ^^^^^^^^^^^^^^^^^^^^^^^^^^^^^^^^^^^^^^^^^^^^^
  File "C:\Users\xxx\AppData\Local\Programs\Python\Python314\Lib\site-packages\httpx\_transports\default.py", line 393, in handle_async_request
    with map_httpcore_exceptions():
         ~~~~~~~~~~~~~~~~~~~~~~~^^
  File "C:\Users\xxx\AppData\Local\Programs\Python\Python314\Lib\contextlib.py", line 162, in __exit__
    self.gen.throw(value)
    ~~~~~~~~~~~~~~^^^^^^^
  File "C:\Users\xxx\AppData\Local\Programs\Python\Python314\Lib\site-packages\httpx\_transports\default.py", line 118, in map_httpcore_exceptions
    raise mapped_exc(message) from exc
httpx.ConnectError: All connection attempts failed
2026-04-27 19:43:46,457 - INFO - root - Logging system initialized.
2026-04-27 19:43:47,793 - INFO - alembic.runtime.plugins - setup plugin alembic.autogenerate.schemas
2026-04-27 19:43:47,793 - INFO - alembic.runtime.plugins - setup plugin alembic.autogenerate.tables
2026-04-27 19:43:47,794 - INFO - alembic.runtime.plugins - setup plugin alembic.autogenerate.types
2026-04-27 19:43:47,795 - INFO - alembic.runtime.plugins - setup plugin alembic.autogenerate.constraints
2026-04-27 19:43:47,796 - INFO - alembic.runtime.plugins - setup plugin alembic.autogenerate.defaults
2026-04-27 19:43:47,797 - INFO - alembic.runtime.plugins - setup plugin alembic.autogenerate.comments
2026-04-27 19:43:58,353 - INFO - root - Logging system initialized.
2026-04-27 19:43:58,387 - INFO - app.services.mikrotik - Mikrotik: Connecting to 10.0.222.86:8728 as admin
2026-04-27 19:43:58,849 - INFO - app.services.mikrotik - Mikrotik: Zwrócono 1167 dzierżaw z portu 8728.
2026-04-27 20:40:02,259 - INFO - root - Logging system initialized.
2026-04-27 20:40:03,983 - INFO - alembic.runtime.plugins - setup plugin alembic.autogenerate.schemas
2026-04-27 20:40:03,990 - INFO - alembic.runtime.plugins - setup plugin alembic.autogenerate.tables
2026-04-27 20:40:03,993 - INFO - alembic.runtime.plugins - setup plugin alembic.autogenerate.types
2026-04-27 20:40:03,999 - INFO - alembic.runtime.plugins - setup plugin alembic.autogenerate.constraints
2026-04-27 20:40:04,003 - INFO - alembic.runtime.plugins - setup plugin alembic.autogenerate.defaults
2026-04-27 20:40:04,008 - INFO - alembic.runtime.plugins - setup plugin alembic.autogenerate.comments
2026-04-27 20:40:16,094 - INFO - root - Logging system initialized.
2026-04-27 20:40:16,579 - INFO - alembic.runtime.plugins - setup plugin alembic.autogenerate.schemas
2026-04-27 20:40:16,579 - INFO - alembic.runtime.plugins - setup plugin alembic.autogenerate.tables
2026-04-27 20:40:16,580 - INFO - alembic.runtime.plugins - setup plugin alembic.autogenerate.types
2026-04-27 20:40:16,580 - INFO - alembic.runtime.plugins - setup plugin alembic.autogenerate.constraints
2026-04-27 20:40:16,580 - INFO - alembic.runtime.plugins - setup plugin alembic.autogenerate.defaults
2026-04-27 20:40:16,580 - INFO - alembic.runtime.plugins - setup plugin alembic.autogenerate.comments
2026-04-27 20:40:20,588 - INFO - app.services.mikrotik_discovery - Rozpoczęcie procesu odkrywania dla urządzenia Test Router (192.168.1.1)
2026-04-27 20:40:20,589 - WARNING - app.services.mikrotik_discovery - Brak hasła dla urządzenia Test Router. Autoryzacja może się nie powieść.
2026-04-27 20:40:20,590 - INFO - app.services.mikrotik_discovery - Otrzymano 2 surowych dzierżaw DHCP z urządzenia Test Router
2026-04-27 20:40:20,593 - DEBUG - app.services.mikrotik_discovery - Analizowanie komentarza dzierżawy dla MAC AA:BB:CC:11:22:33: '1825 Krupka M/33 Mic25'
2026-04-27 20:40:20,593 - DEBUG - app.services.mikrotik_discovery - Pomyślnie sparsowano komentarz dla MAC AA:BB:CC:11:22:33: {'external_id': '1825', 'last_name': 'Krupka', 'apartment_number': '33', 'street_name': 'Adama Mickiewicza', 'street_number': '25'}
2026-04-27 20:40:20,595 - DEBUG - app.services.mikrotik_discovery - Dopasowano ulicę: 'Adama Mickiewicza' (ID: 1) dla MAC AA:BB:CC:11:22:33
2026-04-27 20:40:20,597 - INFO - app.services.mikrotik_discovery - Auto-import węzła dla MAC AA:BB:CC:11:22:33 do klienta ID 1
2026-04-27 20:40:37,190 - INFO - root - Logging system initialized.
2026-04-27 20:40:38,783 - INFO - alembic.runtime.plugins - setup plugin alembic.autogenerate.schemas
2026-04-27 20:40:38,784 - INFO - alembic.runtime.plugins - setup plugin alembic.autogenerate.tables
2026-04-27 20:40:38,786 - INFO - alembic.runtime.plugins - setup plugin alembic.autogenerate.types
2026-04-27 20:40:38,788 - INFO - alembic.runtime.plugins - setup plugin alembic.autogenerate.constraints
2026-04-27 20:40:38,790 - INFO - alembic.runtime.plugins - setup plugin alembic.autogenerate.defaults
2026-04-27 20:40:38,791 - INFO - alembic.runtime.plugins - setup plugin alembic.autogenerate.comments
2026-04-27 20:40:49,550 - INFO - root - Logging system initialized.
2026-04-27 20:40:50,310 - INFO - alembic.runtime.plugins - setup plugin alembic.autogenerate.schemas
2026-04-27 20:40:50,310 - INFO - alembic.runtime.plugins - setup plugin alembic.autogenerate.tables
2026-04-27 20:40:50,310 - INFO - alembic.runtime.plugins - setup plugin alembic.autogenerate.types
2026-04-27 20:40:50,310 - INFO - alembic.runtime.plugins - setup plugin alembic.autogenerate.constraints
2026-04-27 20:40:50,310 - INFO - alembic.runtime.plugins - setup plugin alembic.autogenerate.defaults
2026-04-27 20:40:50,311 - INFO - alembic.runtime.plugins - setup plugin alembic.autogenerate.comments
2026-04-27 20:40:54,827 - INFO - app.services.mikrotik_discovery - Rozpoczęcie procesu odkrywania dla urządzenia Test Router (192.168.1.1)
2026-04-27 20:40:54,827 - WARNING - app.services.mikrotik_discovery - Brak hasła dla urządzenia Test Router. Autoryzacja może się nie powieść.
2026-04-27 20:40:54,827 - INFO - app.services.mikrotik_discovery - Otrzymano 2 surowych dzierżaw DHCP z urządzenia Test Router
2026-04-27 20:40:54,830 - DEBUG - app.services.mikrotik_discovery - Analizowanie komentarza dzierżawy dla MAC AA:BB:CC:11:22:33: '1825 Krupka M/33 Mic25'
2026-04-27 20:40:54,831 - DEBUG - app.services.mikrotik_discovery - Pomyślnie sparsowano komentarz dla MAC AA:BB:CC:11:22:33: {'external_id': '1825', 'last_name': 'Krupka', 'apartment_number': '33', 'street_name': 'Adama Mickiewicza', 'street_number': '25'}
2026-04-27 20:40:54,832 - DEBUG - app.services.mikrotik_discovery - Dopasowano ulicę: 'Adama Mickiewicza' (ID: 1) dla MAC AA:BB:CC:11:22:33
2026-04-27 20:40:54,842 - INFO - app.services.mikrotik_discovery - Auto-import węzła dla MAC AA:BB:CC:11:22:33 do klienta ID 1
2026-04-27 20:40:54,847 - DEBUG - app.services.mikrotik_discovery - Analizowanie komentarza dzierżawy dla MAC AA:BB:CC:44:55:66: '1826 Nowak slo12'
2026-04-27 20:40:54,847 - DEBUG - app.services.mikrotik_discovery - Pomyślnie sparsowano komentarz dla MAC AA:BB:CC:44:55:66: {'external_id': '1826', 'last_name': 'Nowak', 'apartment_number': '', 'street_name': 'Słowackiego', 'street_number': '12'}
2026-04-27 20:40:54,848 - DEBUG - app.services.mikrotik_discovery - Nie dopasowano ulicy 'Słowackiego' dla MAC AA:BB:CC:44:55:66
2026-04-27 20:40:54,849 - INFO - app.services.mikrotik_discovery - Zakończono odkrywanie dla Test Router. Zwrócono 1 nowych dzierżaw do ewentualnego importu.
2026-04-27 20:41:12,282 - INFO - root - Logging system initialized.
2026-04-27 20:41:14,577 - INFO - alembic.runtime.plugins - setup plugin alembic.autogenerate.schemas
2026-04-27 20:41:14,578 - INFO - alembic.runtime.plugins - setup plugin alembic.autogenerate.tables
2026-04-27 20:41:14,578 - INFO - alembic.runtime.plugins - setup plugin alembic.autogenerate.types
2026-04-27 20:41:14,580 - INFO - alembic.runtime.plugins - setup plugin alembic.autogenerate.constraints
2026-04-27 20:41:14,582 - INFO - alembic.runtime.plugins - setup plugin alembic.autogenerate.defaults
2026-04-27 20:41:14,583 - INFO - alembic.runtime.plugins - setup plugin alembic.autogenerate.comments
2026-04-27 20:41:40,256 - INFO - root - Logging system initialized.
2026-04-27 20:41:41,312 - INFO - alembic.runtime.plugins - setup plugin alembic.autogenerate.schemas
2026-04-27 20:41:41,312 - INFO - alembic.runtime.plugins - setup plugin alembic.autogenerate.tables
2026-04-27 20:41:41,312 - INFO - alembic.runtime.plugins - setup plugin alembic.autogenerate.types
2026-04-27 20:41:41,313 - INFO - alembic.runtime.plugins - setup plugin alembic.autogenerate.constraints
2026-04-27 20:41:41,313 - INFO - alembic.runtime.plugins - setup plugin alembic.autogenerate.defaults
2026-04-27 20:41:41,313 - INFO - alembic.runtime.plugins - setup plugin alembic.autogenerate.comments
2026-04-27 20:41:46,264 - INFO - app.services.mikrotik_discovery - Rozpoczęcie procesu odkrywania dla urządzenia Test Router (192.168.1.1)
2026-04-27 20:41:46,265 - WARNING - app.services.mikrotik_discovery - Brak hasła dla urządzenia Test Router. Autoryzacja może się nie powieść.
2026-04-27 20:41:46,265 - INFO - app.services.mikrotik_discovery - Otrzymano 2 surowych dzierżaw DHCP z urządzenia Test Router
2026-04-27 20:41:46,293 - DEBUG - app.services.mikrotik_discovery - Analizowanie komentarza dzierżawy dla MAC AA:BB:CC:11:22:33: '1825 Krupka M/33 Mic25'
2026-04-27 20:41:46,294 - DEBUG - app.services.mikrotik_discovery - Pomyślnie sparsowano komentarz dla MAC AA:BB:CC:11:22:33: {'external_id': '1825', 'last_name': 'Krupka', 'apartment_number': '33', 'street_name': 'Adama Mickiewicza', 'street_number': '25'}
2026-04-27 20:41:46,314 - DEBUG - app.services.mikrotik_discovery - Dopasowano ulicę: 'Adama Mickiewicza' (ID: 1) dla MAC AA:BB:CC:11:22:33
2026-04-27 20:41:46,334 - INFO - app.services.mikrotik_discovery - Auto-import węzła dla MAC AA:BB:CC:11:22:33 do klienta ID 1
2026-04-27 20:41:46,354 - DEBUG - app.services.mikrotik_discovery - Analizowanie komentarza dzierżawy dla MAC AA:BB:CC:44:55:66: '1826 Nowak slo12'
2026-04-27 20:41:46,357 - DEBUG - app.services.mikrotik_discovery - Pomyślnie sparsowano komentarz dla MAC AA:BB:CC:44:55:66: {'external_id': '1826', 'last_name': 'Nowak', 'apartment_number': '', 'street_name': 'Słowackiego', 'street_number': '12'}
2026-04-27 20:41:46,358 - DEBUG - app.services.mikrotik_discovery - Nie dopasowano ulicy 'Słowackiego' dla MAC AA:BB:CC:44:55:66
2026-04-27 20:41:46,360 - INFO - app.services.mikrotik_discovery - Zakończono odkrywanie dla Test Router. Zwrócono 1 nowych dzierżaw do ewentualnego importu.
