
> build
> nuxt build

T  [36mBuilding Nuxt for production...[39m
|
•  [32mNuxt [1m4.4.5[22m[39m[90m (with [39m[90mNitro [1m2.13.4[22m[39m[90m, Vite [1m7.3.3[22m[39m[90m and Vue [1m3.5.34[22m[39m[90m)[39m
[90m[[90mnuxt:tailwindcss[90m][39m [36mi[39m Using default Tailwind CSS file
[36mi[39m Nuxt Icon server bundle mode is set to [36mlocal[39m
[32m√[39m Nuxt Icon discovered local-installed 1 collections: heroicons
|
•  Nitro preset: [36mnode-server[39m
[36mi[39m Building client...
[36mi[39m [36mvite v7.3.3 [32mbuilding client environment for production...[36m[39m
[36mi[39m transforming...
[36mi[39m [32m✓[39m 508 modules transformed.
[36mi[39m rendering chunks...
[36mi[39m computing gzip size...
[36mi[39m [2m../node_modules/.cache/nuxt/.nuxt/dist/client/[22m[32mmanifest.json                           [39m[1m[2m 66.10 kB[22m[1m[22m[2m │ gzip:  4.37 kB[22m
[36mi[39m [2m../node_modules/.cache/nuxt/.nuxt/dist/client/[22m[35m_nuxt/Select.B7MLPa1x.css               [39m[1m[2m  0.05 kB[22m[1m[22m[2m │ gzip:  0.07 kB[22m
[36mi[39m [2m../node_modules/.cache/nuxt/.nuxt/dist/client/[22m[35m_nuxt/default.CaynGBsT.css              [39m[1m[2m  0.07 kB[22m[1m[22m[2m │ gzip:  0.08 kB[22m
[36mi[39m [2m../node_modules/.cache/nuxt/.nuxt/dist/client/[22m[35m_nuxt/CommandPaletteGroup.DEQs0rUo.css  [39m[1m[2m  0.09 kB[22m[1m[22m[2m │ gzip:  0.10 kB[22m
[36mi[39m [2m../node_modules/.cache/nuxt/.nuxt/dist/client/[22m[35m_nuxt/Carousel.DA5czuJU.css             [39m[1m[2m  0.14 kB[22m[1m[22m[2m │ gzip:  0.11 kB[22m
[36mi[39m [2m../node_modules/.cache/nuxt/.nuxt/dist/client/[22m[35m_nuxt/error-500.DBWf9FGj.css            [39m[1m[2m  1.91 kB[22m[1m[22m[2m │ gzip:  0.73 kB[22m
[36mi[39m [2m../node_modules/.cache/nuxt/.nuxt/dist/client/[22m[35m_nuxt/Progress.BLG3-y4T.css             [39m[1m[2m  2.39 kB[22m[1m[22m[2m │ gzip:  0.42 kB[22m
[36mi[39m [2m../node_modules/.cache/nuxt/.nuxt/dist/client/[22m[35m_nuxt/error-404.C-Ezrlz-.css            [39m[1m[2m  2.43 kB[22m[1m[22m[2m │ gzip:  0.86 kB[22m
[36mi[39m [2m../node_modules/.cache/nuxt/.nuxt/dist/client/[22m[35m_nuxt/entry.C6ScxzyJ.css                [39m[1m[2m111.49 kB[22m[1m[22m[2m │ gzip: 15.87 kB[22m
[36mi[39m [2m../node_modules/.cache/nuxt/.nuxt/dist/client/[22m[36m_nuxt/CxIZtCgj.js                       [39m[1m[2m  0.14 kB[22m[1m[22m[2m │ gzip:  0.14 kB[22m
[36mi[39m [2m../node_modules/.cache/nuxt/.nuxt/dist/client/[22m[36m_nuxt/DNbQi61o.js                       [39m[1m[2m  0.29 kB[22m[1m[22m[2m │ gzip:  0.22 kB[22m
[36mi[39m [2m../node_modules/.cache/nuxt/.nuxt/dist/client/[22m[36m_nuxt/PegKJmb0.js                       [39m[1m[2m  0.44 kB[22m[1m[22m[2m │ gzip:  0.29 kB[22m
[36mi[39m [2m../node_modules/.cache/nuxt/.nuxt/dist/client/[22m[36m_nuxt/Cn3QCeuf.js                       [39m[1m[2m  0.46 kB[22m[1m[22m[2m │ gzip:  0.33 kB[22m
[36mi[39m [2m../node_modules/.cache/nuxt/.nuxt/dist/client/[22m[36m_nuxt/BW8-dD0P.js                       [39m[1m[2m  0.46 kB[22m[1m[22m[2m │ gzip:  0.33 kB[22m
[36mi[39m [2m../node_modules/.cache/nuxt/.nuxt/dist/client/[22m[36m_nuxt/B0RxfGjd.js                       [39m[1m[2m  0.48 kB[22m[1m[22m[2m │ gzip:  0.31 kB[22m
[36mi[39m [2m../node_modules/.cache/nuxt/.nuxt/dist/client/[22m[36m_nuxt/DSJFXavQ.js                       [39m[1m[2m  0.72 kB[22m[1m[22m[2m │ gzip:  0.47 kB[22m
[36mi[39m [2m../node_modules/.cache/nuxt/.nuxt/dist/client/[22m[36m_nuxt/Ch7CNuce.js                       [39m[1m[2m  0.75 kB[22m[1m[22m[2m │ gzip:  0.41 kB[22m
[36mi[39m [2m../node_modules/.cache/nuxt/.nuxt/dist/client/[22m[36m_nuxt/4QHX-qax.js                       [39m[1m[2m  0.77 kB[22m[1m[22m[2m │ gzip:  0.48 kB[22m
[36mi[39m [2m../node_modules/.cache/nuxt/.nuxt/dist/client/[22m[36m_nuxt/CDq_d72H.js                       [39m[1m[2m  0.82 kB[22m[1m[22m[2m │ gzip:  0.50 kB[22m
[36mi[39m [2m../node_modules/.cache/nuxt/.nuxt/dist/client/[22m[36m_nuxt/DIp6hGE3.js                       [39m[1m[2m  0.91 kB[22m[1m[22m[2m │ gzip:  0.51 kB[22m
[36mi[39m [2m../node_modules/.cache/nuxt/.nuxt/dist/client/[22m[36m_nuxt/B_2WOJS3.js                       [39m[1m[2m  0.94 kB[22m[1m[22m[2m │ gzip:  0.48 kB[22m
[36mi[39m [2m../node_modules/.cache/nuxt/.nuxt/dist/client/[22m[36m_nuxt/DT-4_-RE.js                       [39m[1m[2m  1.04 kB[22m[1m[22m[2m │ gzip:  0.58 kB[22m
[36mi[39m [2m../node_modules/.cache/nuxt/.nuxt/dist/client/[22m[36m_nuxt/CTZ2Hakn.js                       [39m[1m[2m  1.19 kB[22m[1m[22m[2m │ gzip:  0.34 kB[22m
[36mi[39m [2m../node_modules/.cache/nuxt/.nuxt/dist/client/[22m[36m_nuxt/D9qWWAm0.js                       [39m[1m[2m  1.23 kB[22m[1m[22m[2m │ gzip:  0.70 kB[22m
[36mi[39m [2m../node_modules/.cache/nuxt/.nuxt/dist/client/[22m[36m_nuxt/DiuNGJyG.js                       [39m[1m[2m  1.27 kB[22m[1m[22m[2m │ gzip:  0.72 kB[22m
[36mi[39m [2m../node_modules/.cache/nuxt/.nuxt/dist/client/[22m[36m_nuxt/CSnzzkGH.js                       [39m[1m[2m  1.38 kB[22m[1m[22m[2m │ gzip:  0.70 kB[22m
[36mi[39m [2m../node_modules/.cache/nuxt/.nuxt/dist/client/[22m[36m_nuxt/Bm92f-5u.js                       [39m[1m[2m  1.56 kB[22m[1m[22m[2m │ gzip:  0.65 kB[22m
[36mi[39m [2m../node_modules/.cache/nuxt/.nuxt/dist/client/[22m[36m_nuxt/CMesyHTC.js                       [39m[1m[2m  1.57 kB[22m[1m[22m[2m │ gzip:  0.73 kB[22m
[36mi[39m [2m../node_modules/.cache/nuxt/.nuxt/dist/client/[22m[36m_nuxt/BB0gTpUD.js                       [39m[1m[2m  1.60 kB[22m[1m[22m[2m │ gzip:  0.72 kB[22m
[36mi[39m [2m../node_modules/.cache/nuxt/.nuxt/dist/client/[22m[36m_nuxt/DR9SctBV.js                       [39m[1m[2m  2.01 kB[22m[1m[22m[2m │ gzip:  1.03 kB[22m
[36mi[39m [2m../node_modules/.cache/nuxt/.nuxt/dist/client/[22m[36m_nuxt/D3MbLED_.js                       [39m[1m[2m  2.09 kB[22m[1m[22m[2m │ gzip:  1.12 kB[22m
[36mi[39m [2m../node_modules/.cache/nuxt/.nuxt/dist/client/[22m[36m_nuxt/DOl6dAT8.js                       [39m[1m[2m  2.18 kB[22m[1m[22m[2m │ gzip:  0.62 kB[22m
[36mi[39m [2m../node_modules/.cache/nuxt/.nuxt/dist/client/[22m[36m_nuxt/DoPWVxOT.js                       [39m[1m[2m  2.20 kB[22m[1m[22m[2m │ gzip:  0.74 kB[22m
[36mi[39m [2m../node_modules/.cache/nuxt/.nuxt/dist/client/[22m[36m_nuxt/C4K1EKwX.js                       [39m[1m[2m  2.26 kB[22m[1m[22m[2m │ gzip:  1.10 kB[22m
[36mi[39m [2m../node_modules/.cache/nuxt/.nuxt/dist/client/[22m[36m_nuxt/CvkOnbwP.js                       [39m[1m[2m  2.35 kB[22m[1m[22m[2m │ gzip:  0.96 kB[22m
[36mi[39m [2m../node_modules/.cache/nuxt/.nuxt/dist/client/[22m[36m_nuxt/BuZ0x1y_.js                       [39m[1m[2m  2.44 kB[22m[1m[22m[2m │ gzip:  1.04 kB[22m
[36mi[39m [2m../node_modules/.cache/nuxt/.nuxt/dist/client/[22m[36m_nuxt/CXv_YM4z.js                       [39m[1m[2m  2.49 kB[22m[1m[22m[2m │ gzip:  1.17 kB[22m
[36mi[39m [2m../node_modules/.cache/nuxt/.nuxt/dist/client/[22m[36m_nuxt/DtJnKJSJ.js                       [39m[1m[2m  2.59 kB[22m[1m[22m[2m │ gzip:  1.21 kB[22m
[36mi[39m [2m../node_modules/.cache/nuxt/.nuxt/dist/client/[22m[36m_nuxt/R7Jcrm6o.js                       [39m[1m[2m  2.80 kB[22m[1m[22m[2m │ gzip:  1.16 kB[22m
[36mi[39m [2m../node_modules/.cache/nuxt/.nuxt/dist/client/[22m[36m_nuxt/CghsC0nW.js                       [39m[1m[2m  2.95 kB[22m[1m[22m[2m │ gzip:  1.22 kB[22m
[36mi[39m [2m../node_modules/.cache/nuxt/.nuxt/dist/client/[22m[36m_nuxt/pr-ryocb.js                       [39m[1m[2m  3.17 kB[22m[1m[22m[2m │ gzip:  1.38 kB[22m
[36mi[39m [2m../node_modules/.cache/nuxt/.nuxt/dist/client/[22m[36m_nuxt/CjaPbr4a.js                       [39m[1m[2m  3.28 kB[22m[1m[22m[2m │ gzip:  1.40 kB[22m
[36mi[39m [2m../node_modules/.cache/nuxt/.nuxt/dist/client/[22m[36m_nuxt/DRUXW-ss.js                       [39m[1m[2m  3.31 kB[22m[1m[22m[2m │ gzip:  1.45 kB[22m
[36mi[39m [2m../node_modules/.cache/nuxt/.nuxt/dist/client/[22m[36m_nuxt/CecxKK1c.js                       [39m[1m[2m  3.32 kB[22m[1m[22m[2m │ gzip:  1.41 kB[22m
[36mi[39m [2m../node_modules/.cache/nuxt/.nuxt/dist/client/[22m[36m_nuxt/D2xE8usE.js                       [39m[1m[2m  3.45 kB[22m[1m[22m[2m │ gzip:  1.27 kB[22m
[36mi[39m [2m../node_modules/.cache/nuxt/.nuxt/dist/client/[22m[36m_nuxt/Ca3Rd5ps.js                       [39m[1m[2m  3.45 kB[22m[1m[22m[2m │ gzip:  1.55 kB[22m
[36mi[39m [2m../node_modules/.cache/nuxt/.nuxt/dist/client/[22m[36m_nuxt/DFtG99UA.js                       [39m[1m[2m  3.45 kB[22m[1m[22m[2m │ gzip:  1.61 kB[22m
[36mi[39m [2m../node_modules/.cache/nuxt/.nuxt/dist/client/[22m[36m_nuxt/pdD3OttU.js                       [39m[1m[2m  3.48 kB[22m[1m[22m[2m │ gzip:  1.74 kB[22m
[36mi[39m [2m../node_modules/.cache/nuxt/.nuxt/dist/client/[22m[36m_nuxt/Caq8HPeh.js                       [39m[1m[2m  3.50 kB[22m[1m[22m[2m │ gzip:  1.21 kB[22m
[36mi[39m [2m../node_modules/.cache/nuxt/.nuxt/dist/client/[22m[36m_nuxt/C9sRFmyk.js                       [39m[1m[2m  3.68 kB[22m[1m[22m[2m │ gzip:  1.71 kB[22m
[36mi[39m [2m../node_modules/.cache/nuxt/.nuxt/dist/client/[22m[36m_nuxt/9juF48GL.js                       [39m[1m[2m  3.70 kB[22m[1m[22m[2m │ gzip:  1.68 kB[22m
[36mi[39m [2m../node_modules/.cache/nuxt/.nuxt/dist/client/[22m[36m_nuxt/Inge9Muy.js                       [39m[1m[2m  3.74 kB[22m[1m[22m[2m │ gzip:  1.53 kB[22m
[36mi[39m [2m../node_modules/.cache/nuxt/.nuxt/dist/client/[22m[36m_nuxt/cfJYbPPg.js                       [39m[1m[2m  3.76 kB[22m[1m[22m[2m │ gzip:  1.70 kB[22m
[36mi[39m [2m../node_modules/.cache/nuxt/.nuxt/dist/client/[22m[36m_nuxt/BHW4xW_l.js                       [39m[1m[2m  3.76 kB[22m[1m[22m[2m │ gzip:  1.62 kB[22m
[36mi[39m [2m../node_modules/.cache/nuxt/.nuxt/dist/client/[22m[36m_nuxt/ELh9mWLv.js                       [39m[1m[2m  3.83 kB[22m[1m[22m[2m │ gzip:  1.56 kB[22m
[36mi[39m [2m../node_modules/.cache/nuxt/.nuxt/dist/client/[22m[36m_nuxt/D3XHCtko.js                       [39m[1m[2m  3.85 kB[22m[1m[22m[2m │ gzip:  1.64 kB[22m
[36mi[39m [2m../node_modules/.cache/nuxt/.nuxt/dist/client/[22m[36m_nuxt/DT0lT_rg.js                       [39m[1m[2m  4.03 kB[22m[1m[22m[2m │ gzip:  1.66 kB[22m
[36mi[39m [2m../node_modules/.cache/nuxt/.nuxt/dist/client/[22m[36m_nuxt/blSOxsGD.js                       [39m[1m[2m  4.14 kB[22m[1m[22m[2m │ gzip:  0.90 kB[22m
[36mi[39m [2m../node_modules/.cache/nuxt/.nuxt/dist/client/[22m[36m_nuxt/epWekULh.js                       [39m[1m[2m  4.18 kB[22m[1m[22m[2m │ gzip:  1.61 kB[22m
[36mi[39m [2m../node_modules/.cache/nuxt/.nuxt/dist/client/[22m[36m_nuxt/w9cFYDbR.js                       [39m[1m[2m  4.60 kB[22m[1m[22m[2m │ gzip:  1.72 kB[22m
[36mi[39m [2m../node_modules/.cache/nuxt/.nuxt/dist/client/[22m[36m_nuxt/BMQvkf7w.js                       [39m[1m[2m  4.65 kB[22m[1m[22m[2m │ gzip:  1.91 kB[22m
[36mi[39m [2m../node_modules/.cache/nuxt/.nuxt/dist/client/[22m[36m_nuxt/CXgabUG3.js                       [39m[1m[2m  5.08 kB[22m[1m[22m[2m │ gzip:  1.77 kB[22m
[36mi[39m [2m../node_modules/.cache/nuxt/.nuxt/dist/client/[22m[36m_nuxt/DCMB2XVf.js                       [39m[1m[2m  5.08 kB[22m[1m[22m[2m │ gzip:  1.87 kB[22m
[36mi[39m [2m../node_modules/.cache/nuxt/.nuxt/dist/client/[22m[36m_nuxt/C8sNcQ2l.js                       [39m[1m[2m  5.33 kB[22m[1m[22m[2m │ gzip:  1.88 kB[22m
[36mi[39m [2m../node_modules/.cache/nuxt/.nuxt/dist/client/[22m[36m_nuxt/CXVuUfcM.js                       [39m[1m[2m  5.37 kB[22m[1m[22m[2m │ gzip:  2.13 kB[22m
[36mi[39m [2m../node_modules/.cache/nuxt/.nuxt/dist/client/[22m[36m_nuxt/BbjwrSqo.js                       [39m[1m[2m  5.78 kB[22m[1m[22m[2m │ gzip:  2.48 kB[22m
[36mi[39m [2m../node_modules/.cache/nuxt/.nuxt/dist/client/[22m[36m_nuxt/DKi-BHaJ.js                       [39m[1m[2m  5.84 kB[22m[1m[22m[2m │ gzip:  1.95 kB[22m
[36mi[39m [2m../node_modules/.cache/nuxt/.nuxt/dist/client/[22m[36m_nuxt/BXPy24k_.js                       [39m[1m[2m  5.99 kB[22m[1m[22m[2m │ gzip:  2.36 kB[22m
[36mi[39m [2m../node_modules/.cache/nuxt/.nuxt/dist/client/[22m[36m_nuxt/DXYQ0cZq.js                       [39m[1m[2m  6.01 kB[22m[1m[22m[2m │ gzip:  2.99 kB[22m
[36mi[39m [2m../node_modules/.cache/nuxt/.nuxt/dist/client/[22m[36m_nuxt/sPMxboUH.js                       [39m[1m[2m  6.01 kB[22m[1m[22m[2m │ gzip:  2.44 kB[22m
[36mi[39m [2m../node_modules/.cache/nuxt/.nuxt/dist/client/[22m[36m_nuxt/Mv4kYnr5.js                       [39m[1m[2m  6.07 kB[22m[1m[22m[2m │ gzip:  1.82 kB[22m
[36mi[39m [2m../node_modules/.cache/nuxt/.nuxt/dist/client/[22m[36m_nuxt/DaMXE4F7.js                       [39m[1m[2m  6.12 kB[22m[1m[22m[2m │ gzip:  2.30 kB[22m
[36mi[39m [2m../node_modules/.cache/nuxt/.nuxt/dist/client/[22m[36m_nuxt/D5nqVuDs.js                       [39m[1m[2m  6.15 kB[22m[1m[22m[2m │ gzip:  2.27 kB[22m
[36mi[39m [2m../node_modules/.cache/nuxt/.nuxt/dist/client/[22m[36m_nuxt/C8C8hYHS.js                       [39m[1m[2m  6.31 kB[22m[1m[22m[2m │ gzip:  2.16 kB[22m
[36mi[39m [2m../node_modules/.cache/nuxt/.nuxt/dist/client/[22m[36m_nuxt/BMapVgM9.js                       [39m[1m[2m  6.81 kB[22m[1m[22m[2m │ gzip:  2.60 kB[22m
[36mi[39m [2m../node_modules/.cache/nuxt/.nuxt/dist/client/[22m[36m_nuxt/I_Qd-ZPg.js                       [39m[1m[2m  7.21 kB[22m[1m[22m[2m │ gzip:  3.29 kB[22m
[36mi[39m [2m../node_modules/.cache/nuxt/.nuxt/dist/client/[22m[36m_nuxt/BPDBuQOE.js                       [39m[1m[2m  7.57 kB[22m[1m[22m[2m │ gzip:  2.73 kB[22m
[36mi[39m [2m../node_modules/.cache/nuxt/.nuxt/dist/client/[22m[36m_nuxt/CGaQC8Do.js                       [39m[1m[2m  7.58 kB[22m[1m[22m[2m │ gzip:  3.08 kB[22m
[36mi[39m [2m../node_modules/.cache/nuxt/.nuxt/dist/client/[22m[36m_nuxt/CkuiwunW.js                       [39m[1m[2m  7.63 kB[22m[1m[22m[2m │ gzip:  2.96 kB[22m
[36mi[39m [2m../node_modules/.cache/nuxt/.nuxt/dist/client/[22m[36m_nuxt/CCdz4ETL.js                       [39m[1m[2m  7.73 kB[22m[1m[22m[2m │ gzip:  3.35 kB[22m
[36mi[39m [2m../node_modules/.cache/nuxt/.nuxt/dist/client/[22m[36m_nuxt/Bgv8C45V.js                       [39m[1m[2m  8.02 kB[22m[1m[22m[2m │ gzip:  3.01 kB[22m
[36mi[39m [2m../node_modules/.cache/nuxt/.nuxt/dist/client/[22m[36m_nuxt/pPrRZG4Q.js                       [39m[1m[2m  8.03 kB[22m[1m[22m[2m │ gzip:  2.14 kB[22m
[36mi[39m [2m../node_modules/.cache/nuxt/.nuxt/dist/client/[22m[36m_nuxt/VwlDScDw.js                       [39m[1m[2m  8.26 kB[22m[1m[22m[2m │ gzip:  2.95 kB[22m
[36mi[39m [2m../node_modules/.cache/nuxt/.nuxt/dist/client/[22m[36m_nuxt/DqG1XWkU.js                       [39m[1m[2m  8.30 kB[22m[1m[22m[2m │ gzip:  2.90 kB[22m
[36mi[39m [2m../node_modules/.cache/nuxt/.nuxt/dist/client/[22m[36m_nuxt/K9wXjgHp.js                       [39m[1m[2m  8.36 kB[22m[1m[22m[2m │ gzip:  2.86 kB[22m
[36mi[39m [2m../node_modules/.cache/nuxt/.nuxt/dist/client/[22m[36m_nuxt/NXfiBmQv.js                       [39m[1m[2m  8.70 kB[22m[1m[22m[2m │ gzip:  2.93 kB[22m
[36mi[39m [2m../node_modules/.cache/nuxt/.nuxt/dist/client/[22m[36m_nuxt/BWw_6X38.js                       [39m[1m[2m  9.17 kB[22m[1m[22m[2m │ gzip:  3.09 kB[22m
[36mi[39m [2m../node_modules/.cache/nuxt/.nuxt/dist/client/[22m[36m_nuxt/Dx1BW0EH.js                       [39m[1m[2m  9.37 kB[22m[1m[22m[2m │ gzip:  3.36 kB[22m
[36mi[39m [2m../node_modules/.cache/nuxt/.nuxt/dist/client/[22m[36m_nuxt/CmCvK27N.js                       [39m[1m[2m  9.99 kB[22m[1m[22m[2m │ gzip:  2.95 kB[22m
[36mi[39m [2m../node_modules/.cache/nuxt/.nuxt/dist/client/[22m[36m_nuxt/TayvBaBu.js                       [39m[1m[2m 11.01 kB[22m[1m[22m[2m │ gzip:  4.96 kB[22m
[36mi[39m [2m../node_modules/.cache/nuxt/.nuxt/dist/client/[22m[36m_nuxt/BwQlbfuU.js                       [39m[1m[2m 11.81 kB[22m[1m[22m[2m │ gzip:  4.38 kB[22m
[36mi[39m [2m../node_modules/.cache/nuxt/.nuxt/dist/client/[22m[36m_nuxt/sLunxJFw.js                       [39m[1m[2m 12.65 kB[22m[1m[22m[2m │ gzip:  3.88 kB[22m
[36mi[39m [2m../node_modules/.cache/nuxt/.nuxt/dist/client/[22m[36m_nuxt/DN1rqTP1.js                       [39m[1m[2m 12.87 kB[22m[1m[22m[2m │ gzip:  4.63 kB[22m
[36mi[39m [2m../node_modules/.cache/nuxt/.nuxt/dist/client/[22m[36m_nuxt/gYiCEkFw.js                       [39m[1m[2m 12.91 kB[22m[1m[22m[2m │ gzip:  4.72 kB[22m
[36mi[39m [2m../node_modules/.cache/nuxt/.nuxt/dist/client/[22m[36m_nuxt/DUJdbFbT.js                       [39m[1m[2m 14.34 kB[22m[1m[22m[2m │ gzip:  3.82 kB[22m
[36mi[39m [2m../node_modules/.cache/nuxt/.nuxt/dist/client/[22m[36m_nuxt/BUusNWg9.js                       [39m[1m[2m 16.30 kB[22m[1m[22m[2m │ gzip:  4.71 kB[22m
[36mi[39m [2m../node_modules/.cache/nuxt/.nuxt/dist/client/[22m[36m_nuxt/DdqlFwIb.js                       [39m[1m[2m 18.40 kB[22m[1m[22m[2m │ gzip:  6.86 kB[22m
[36mi[39m [2m../node_modules/.cache/nuxt/.nuxt/dist/client/[22m[36m_nuxt/BHKLx4Rk.js                       [39m[1m[2m 18.99 kB[22m[1m[22m[2m │ gzip:  7.71 kB[22m
[36mi[39m [2m../node_modules/.cache/nuxt/.nuxt/dist/client/[22m[36m_nuxt/C-j0PQ14.js                       [39m[1m[2m 19.83 kB[22m[1m[22m[2m │ gzip:  4.64 kB[22m
[36mi[39m [2m../node_modules/.cache/nuxt/.nuxt/dist/client/[22m[36m_nuxt/DFhtZYq6.js                       [39m[1m[2m 20.07 kB[22m[1m[22m[2m │ gzip:  7.55 kB[22m
[36mi[39m [2m../node_modules/.cache/nuxt/.nuxt/dist/client/[22m[36m_nuxt/BJiCkyo-.js                       [39m[1m[2m 22.04 kB[22m[1m[22m[2m │ gzip:  6.81 kB[22m
[36mi[39m [2m../node_modules/.cache/nuxt/.nuxt/dist/client/[22m[36m_nuxt/aTVXCmmR.js                       [39m[1m[2m 23.94 kB[22m[1m[22m[2m │ gzip:  6.08 kB[22m
[36mi[39m [2m../node_modules/.cache/nuxt/.nuxt/dist/client/[22m[36m_nuxt/f4KGb868.js                       [39m[1m[2m 24.87 kB[22m[1m[22m[2m │ gzip:  8.83 kB[22m
[36mi[39m [2m../node_modules/.cache/nuxt/.nuxt/dist/client/[22m[36m_nuxt/BuxpJnRm.js                       [39m[1m[2m 33.58 kB[22m[1m[22m[2m │ gzip:  7.24 kB[22m
[36mi[39m [2m../node_modules/.cache/nuxt/.nuxt/dist/client/[22m[36m_nuxt/DwmxVBY6.js                       [39m[1m[2m 35.10 kB[22m[1m[22m[2m │ gzip: 10.90 kB[22m
[36mi[39m [2m../node_modules/.cache/nuxt/.nuxt/dist/client/[22m[36m_nuxt/n3LtWSh_.js                       [39m[1m[2m250.39 kB[22m[1m[22m[2m │ gzip: 92.66 kB[22m
[36mi[39m [32m✓ built in 28.32s[39m
[32m√[39m Client built in 28364ms
[36mi[39m Building server...
[36mi[39m [36mvite v7.3.3 [32mbuilding ssr environment for production...[36m[39m
[36mi[39m transforming...
[36mi[39m [32m✓[39m 420 modules transformed.
[36mi[39m rendering chunks...
[36mi[39m [32m✓ built in 34.04s[39m
|
x  Nuxt build error: Error: ENOENT: no such file or directory, open 'C:\Users\xxx\crm-portal\crm-portal-ts\frontend\node_modules\.cache\nuxt\.nuxt\dist\client\manifest.json'
