
> build
> nuxt build

T  [36mBuilding Nuxt for production...[39m
|
•  [32mNuxt [1m4.4.5[22m[39m[90m (with [39m[90mNitro [1m2.13.4[22m[39m[90m, Vite [1m7.3.3[22m[39m[90m and Vue [1m3.5.34[22m[39m[90m)[39m
[90m[[90mnuxt:tailwindcss[90m][39m [36mi[39m Using default Tailwind CSS file
[36mi[39m Nuxt Icon server bundle mode is set to [36mlocal[39m
[32m√[39m Nuxt Icon discovered local-installed 1 collections: heroicons
|
x
|  Another Nuxt build is already running:
|
|    PID:     17812
|    Dir:     C:/Users/xxx/crm-portal/crm-portal-ts/frontend
|    Started: 17.05.2026, 00:30:24
|
|  Run `taskkill /PID 17812 /F` to stop it.
|  Set NUXT_IGNORE_LOCK=1 to bypass this check.
|

 ERROR  Another Nuxt build is already running (PID 17812).

    at Object.run (/C:/Users/xxx/crm-portal/crm-portal-ts/frontend/node_modules/@nuxt/cli/dist/build-DWst0L5A.mjs:77:11)
    at async runCommand (/C:/Users/xxx/crm-portal/crm-portal-ts/frontend/node_modules/citty/dist/index.mjs:228:47)
    at async runCommand (/C:/Users/xxx/crm-portal/crm-portal-ts/frontend/node_modules/citty/dist/index.mjs:217:5)
    at async runMain (/C:/Users/xxx/crm-portal/crm-portal-ts/frontend/node_modules/citty/dist/index.mjs:394:10) 


