Error running discovery scan: Error: Failed to execute Dasan helper: Error: Dasan helper exited with code 1
    at runPythonHelper (file:///C:/Users/xxx/crm-portal/crm-portal-ts/dist/services/dasan_ssh.js:237:11)
    at process.processTicksAndRejections (node:internal/process/task_queues:105:5)
    at async runDasanDiscovery (file:///C:/Users/xxx/crm-portal/crm-portal-ts/dist/services/dasan_ssh.js:243:11)
    at async runDiscoveryScanForDevice (file:///C:/Users/xxx/crm-portal/crm-portal-ts/dist/services/network_discovery_live.js:83:24)
    at async file:///C:/Users/xxx/crm-portal/crm-portal-ts/dist/routers/network_discovery.js:431:28
Error running discovery scan: Error: Failed to execute Dasan helper: Error: Dasan helper exited with code 1
    at runPythonHelper (file:///C:/Users/xxx/crm-portal/crm-portal-ts/dist/services/dasan_ssh.js:237:11)
    at process.processTicksAndRejections (node:internal/process/task_queues:105:5)
    at async runDasanDiscovery (file:///C:/Users/xxx/crm-portal/crm-portal-ts/dist/services/dasan_ssh.js:243:11)
    at async runDiscoveryScanForDevice (file:///C:/Users/xxx/crm-portal/crm-portal-ts/dist/services/network_discovery_live.js:83:24)
    at async file:///C:/Users/xxx/crm-portal/crm-portal-ts/dist/routers/network_discovery.js:431:28
Error running discovery scan: Error: Failed to execute Dasan helper: Error: Dasan helper exited with code 1
    at runPythonHelper (file:///C:/Users/xxx/crm-portal/crm-portal-ts/dist/services/dasan_ssh.js:237:11)
    at process.processTicksAndRejections (node:internal/process/task_queues:105:5)
    at async runDasanDiscovery (file:///C:/Users/xxx/crm-portal/crm-portal-ts/dist/services/dasan_ssh.js:243:11)
    at async runDiscoveryScanForDevice (file:///C:/Users/xxx/crm-portal/crm-portal-ts/dist/services/network_discovery_live.js:83:24)
    at async file:///C:/Users/xxx/crm-portal/crm-portal-ts/dist/routers/network_discovery.js:431:28
Error running discovery scan: Error: Failed to execute Dasan helper: Error: Dasan helper exited with code 1
    at runPythonHelper (file:///C:/Users/xxx/crm-portal/crm-portal-ts/dist/services/dasan_ssh.js:237:11)
    at process.processTicksAndRejections (node:internal/process/task_queues:105:5)
    at async runDasanDiscovery (file:///C:/Users/xxx/crm-portal/crm-portal-ts/dist/services/dasan_ssh.js:243:11)
    at async runDiscoveryScanForDevice (file:///C:/Users/xxx/crm-portal/crm-portal-ts/dist/services/network_discovery_live.js:83:24)
    at async file:///C:/Users/xxx/crm-portal/crm-portal-ts/dist/routers/network_discovery.js:431:28
Error running discovery scan: Error: Failed to execute Dasan helper: Error: Dasan helper exited with code 1
    at runPythonHelper (file:///C:/Users/xxx/crm-portal/crm-portal-ts/dist/services/dasan_ssh.js:237:11)
    at process.processTicksAndRejections (node:internal/process/task_queues:105:5)
    at async runDasanDiscovery (file:///C:/Users/xxx/crm-portal/crm-portal-ts/dist/services/dasan_ssh.js:243:11)
    at async runDiscoveryScanForDevice (file:///C:/Users/xxx/crm-portal/crm-portal-ts/dist/services/network_discovery_live.js:83:24)
    at async file:///C:/Users/xxx/crm-portal/crm-portal-ts/dist/routers/network_discovery.js:431:28
Error running discovery scan: Error: Failed to execute Dasan helper: Error: Dasan helper exited with code 1
    at runPythonHelper (file:///C:/Users/xxx/crm-portal/crm-portal-ts/dist/services/dasan_ssh.js:237:11)
    at process.processTicksAndRejections (node:internal/process/task_queues:105:5)
    at async runDasanDiscovery (file:///C:/Users/xxx/crm-portal/crm-portal-ts/dist/services/dasan_ssh.js:243:11)
    at async runDiscoveryScanForDevice (file:///C:/Users/xxx/crm-portal/crm-portal-ts/dist/services/network_discovery_live.js:83:24)
    at async file:///C:/Users/xxx/crm-portal/crm-portal-ts/dist/routers/network_discovery.js:431:28
Error running discovery scan: Error: Failed to execute Dasan helper: Error: Dasan helper exited with code 1
    at runPythonHelper (file:///C:/Users/xxx/crm-portal/crm-portal-ts/dist/services/dasan_ssh.js:237:11)
    at process.processTicksAndRejections (node:internal/process/task_queues:105:5)
    at async runDasanDiscovery (file:///C:/Users/xxx/crm-portal/crm-portal-ts/dist/services/dasan_ssh.js:243:11)
    at async runDiscoveryScanForDevice (file:///C:/Users/xxx/crm-portal/crm-portal-ts/dist/services/network_discovery_live.js:83:24)
    at async file:///C:/Users/xxx/crm-portal/crm-portal-ts/dist/routers/network_discovery.js:431:28
Error running discovery scan: Error: Failed to execute Dasan helper: Error: Dasan helper exited with code 1
    at runPythonHelper (file:///C:/Users/xxx/crm-portal/crm-portal-ts/dist/services/dasan_ssh.js:237:11)
    at process.processTicksAndRejections (node:internal/process/task_queues:105:5)
    at async runDasanDiscovery (file:///C:/Users/xxx/crm-portal/crm-portal-ts/dist/services/dasan_ssh.js:243:11)
    at async runDiscoveryScanForDevice (file:///C:/Users/xxx/crm-portal/crm-portal-ts/dist/services/network_discovery_live.js:83:24)
    at async file:///C:/Users/xxx/crm-portal/crm-portal-ts/dist/routers/network_discovery.js:431:28
Error running discovery scan: Error: Failed to execute Dasan helper: Error: Dasan helper exited with code 1
    at runPythonHelper (file:///C:/Users/xxx/crm-portal/crm-portal-ts/dist/services/dasan_ssh.js:237:11)
    at process.processTicksAndRejections (node:internal/process/task_queues:105:5)
    at async runDasanDiscovery (file:///C:/Users/xxx/crm-portal/crm-portal-ts/dist/services/dasan_ssh.js:243:11)
    at async runDiscoveryScanForDevice (file:///C:/Users/xxx/crm-portal/crm-portal-ts/dist/services/network_discovery_live.js:83:24)
    at async file:///C:/Users/xxx/crm-portal/crm-portal-ts/dist/routers/network_discovery.js:431:28
Error running discovery scan: Error: Failed to execute Dasan helper: Error: Dasan helper exited with code 1
    at runPythonHelper (file:///C:/Users/xxx/crm-portal/crm-portal-ts/dist/services/dasan_ssh.js:237:11)
    at process.processTicksAndRejections (node:internal/process/task_queues:105:5)
    at async runDasanDiscovery (file:///C:/Users/xxx/crm-portal/crm-portal-ts/dist/services/dasan_ssh.js:243:11)
    at async runDiscoveryScanForDevice (file:///C:/Users/xxx/crm-portal/crm-portal-ts/dist/services/network_discovery_live.js:83:24)
    at async file:///C:/Users/xxx/crm-portal/crm-portal-ts/dist/routers/network_discovery.js:431:28
